---------------------------B-M--M------B-------------BB-----
-----B-M--M-------------BM---------------------M--M-MB------
MB---B-MM-M--------M-----------------------M-MB--BMMM---B-BM
-B-BMB-MM-MM----B-------------------------------------------
-M--MM--M-M--B--B-------------------M-B-----------------B---
MM---MMMMMM-----BB--------M---------M-B----B----------------
--------------------------------BM--MBB----B-------M--------
-M------------------------------B---MBBB---B-------MM-------
---BBBBBBB-------------B-MMMM---B---M--B---BM-------MM-B---M
---BBBBBBB---------------M------B---M--B---BB--------MMMM---
---------BBB------------MM------B---M--B----B----------B---B
----------MB---B--------M-------B---M--B----BB---------BBBM-
M-BBBBBBBBBB-----------MM-------B---M--BB----B--------------
----BBBBBBBB----------MM-------BB---M-----------------------
----------------------------------------------------------MB
---------M-----------------------------------------------MM-
--MMM----M-----------------------------------------MMMMMMMB-
MMMMMMMM-M----B------------------------------------M--------
---MMMMM-M----B------BBBBBBBB-----------------MM------------
B------MMM----B-------------BBB---------------M-------------
--------MM----B---------------BBB------------------M--------
--------MM----B-----------------B-------------BBBBBBBBBBBB--
--B-----MM----B-----------------B----------BBBB-------------
MMMMMMMMMM----BBBB--------------B-------B-------------------
------MM-M----------------------B---------------B-----------
-----MM--M----------------------B---------------------------
-----M---M-----------------------------------MMMMMMMMMMMM---
---------M-----------------------------------M--------------
-B-M--------------------------------------------------------
------B------------M------------------B---------------------
---------------B-------------------------M----------B-------
---------------M-------------------------MM-----------------
--M-------------------------MMMMM---------------------------
---------------------BBB----M------------------M------------
BBBBBB---------------MMMMMMMM------------------MMMMMMMMMMB-M
-MMM-BB--------------M-MM-------------------------------M---
--MM--B--------------M--MM------------------------------M---
---M--B--------------M--MM----------------------------------
------B--------------M--MMMM---------------------BBBBBBB----
---BBBBBB-----------MM--M-MMMMMMMM--------------MB----------
-------MB-----------MB--M-M------M---------------------M----
BB-BBBBBB-----------MB--M-M------M----B---------------------
-B-BMBBBBB----------MB--M-M------M----------------------M---
-BBB-----BB---------MB--M-M-----BM----------------BBBBBBB---
BB--------BB--------MB--M-M------M----------------B-MMM---M-
----------BB------B--B--M-M------M----------------B---------
------------------------M-M------MB------------------------B
--M------------------------------MM---------------------B---
B----MMMMBB------------------------------------B------------
-----M----B-M-----------------------------------------------
B---------B--B-MM----------------------------MM-------------
----------B-----M----------------------------M--------------
------B---B-----M----------------------------M----------B---
----------------M----------------------------M---B---M------
-BM--MBB-------------------------------------MBB--M---------
-------B------B------------------------------MB---BB-------M
B------B---------------------MMM-B-----BBBM-BMB----B--M-----
---------------------------BMM-M-----M-BM---BMB----B-B------
BB-M------------B-------BB-----M---B---BM---B-----------B-M-
------------------M----M-B-M---M-------B-------------M-M----
