------------M-----M----------M---M---------------M--M---------------M------------M--------M---M-----
--------M---M-----M----------M--MM-------M-------M--M---------------M---------------------M---MM----
-M------M---M-----M----------M---M-------M-------M--M-------------MMM--------------------MM---------
-M-M----MM--M-----M--------M-M---M-------MM------M-MM------------------------------------M----M-----
------------M----MM--------M-M-MMM---------------M-----------M--------------------------------------
-MMM--------M-M-----M------MMM---MM--------------M-----------M---------------M------M---------------
MMMM-------MM-------M--------MMMMMM--------------M-----------M---------------M----------------------
---MM------M--------M-------------M--------------M-----------M--------------------------------------
----M--M---M--------M-------------MM-------------M-----------M------------------M--M-------M--------
----M------M--------M----------------------------M-----------MM---------M-------M--M--------------MM
-----------M--------M----------------------------M-----------MM-----------------M--M-------------MM-
-----------M--------M----------------------------M-----------MM----------------MM--M------------MMMM
-----M--------------MM--------------------------MM----------MMM--------------------MM-----------M---
------------------------------------------------M-------M---MMM---------------------M-----------M---
-----M------------------------------------------------------MMM---------------------MM-M--------M---
-----------M------------------------------------------------M------------------------MMM--------M---
MM------------------------M---------------------------------M---------------------------------------
-M----------------------MMM-------------------------------------------------------------------------
--------M---------------M---------------------------------------------------------------------------
--------------------------------------------------------M-----------------------------M-------------
-MMM---MMMM-----------------------------M-----------------------------------------------------------
---M---M--------------------------------MM--------------------------------------------------MMMMM---
---MMMMM---------------------------------M--------------------------------------------M-------------
--MM-------------------------------------M--------------------------------------------M-------------
-------------------------M---------------MMM-----------------------------------------MM---M---------
-----------------------------------------------------------------M------------------MM--------------
-------------------------------M--------------------------------------------------MMM---------------
------------------------------------------------M-----------------------M---------------------------
------------------------------------MMMMMMMMMM------------------------------------------------------
----M----------------------------------MMMMMMMM-----------------------------------------------------
---------------------------M---------------------------------------------------------MM-------------
------------------------------------------------M------M--------------------------MMMM--------------
-------M----------------------------------------M------M-------------MM-----M-----M-----------------
------MM---------------------------------------MM------M-------------M------------------------------
MMMMMMM----------------------------------------MM------M------------MM---------------------------M--
---MMMM----------------------------------------MM------M----------MMM-----------------------MMMMMMMM
-----------------------------------------------MM------M-----MMMMMM-------------------------MM------
-----------------------M-----------------------MM------M-----M------------------------------M-------
------------------------------------M----------MM------M-----M--------------------------------------
-----MMMM--------------------------MM----------MM------M----MM--------------------------M-----------
--------MM-------------------------M-----------MM------M----MMMMMMMMMM------------------------------
---------MM-------------M----------M-----------MM------M----M---------------------------------------
----------M--------------------MMMMM-----------MM------M----------------------------MMM-------------
-------MMMM------------------------------------MM------MM---------------------------M---------------
-------M-----------M---------------------------MM-------MM-------------------------MM-------M-------
-------MMMM------------------------------------MM--------M-------------------------M----------------
----------MMMMMM-------------------------------MM--------M-----------------------------------------M
-----------------------------------------MMMMMMMM--------M------------------------------------------
--M---------------------------------------------MM----MMMM-------M----------------------------------
-------------------------M-----------------------MMMMMMMMM-------MMMMMMMMMM----------------------M--
-MM-------------------------------------------------------------------------------------------------
-MMMMMMMM-------------------------------------------------------------------------------M-----------
--------M------------------------------------------------------------------------------MM-----------
------MMM-----------------------------------------------------------------------MMMMMMMM------------
-----------------------------------------------------------------MMMMMMMMMMMM-----------------------
----------------------------------------------------------------------------MM---------------------M
M---------------------------------------------------------M------------------MM---------------------
-----------------M------------------------------------MMMMM----------------------------------MMM----
-----M-----------MM----------------------------------MM-------------------------------------MMMMMMM-
-------------------------------------M---------------M------------------------------------MMM-------
------------------------------------MM---------------M----------------------------------------------
-----------------------------------MM---------------------------MMMMMM------------------------------
----------------------------------------------------------------M----------------------------MM-----
---------------------------------------------MM--------------MMMM----------------------------M------
MMM-------------------------------------------MMMMMMMMMMMMMMMM-------------------------------MMMMMMM
--M-------------------------------------------M----------------------------------------------MMM----
MMMMMMMMMMMMMM-------------M------------------MMM----------------------------------------------MMM--
M-----------------------------------------------MMMMMMMMMMMMMMM---------------------------------M---
--------------------------------------------------------------M---------------------------------MMMM
-----------M----------M--------------------MMMMMMMMMMMMMMMMMMMM-------------------------------------
----------------------M---M-------------------------------------------------------------------------
----------------------MM---------------------MMMMMMMMMMMMMM--------------------------------M--------
-----------------------M----------------------------------M--------------------------------M--MMMMMM
----------------MM----------------------------------------M-----------------------M--------M--M-----
-----------------M----------------------------------------MM-------------------------------MMMM-----
---------------------------------------------------------MMMMM--------------------------------MMMM--
-MMMMMM----------------------------------------------------M-MMMMMMM--------------------------------
------M----------------------------------------------------M--M------------------M------------------
----MMM-------------------M--------------------------MM----M--MMM-----------------------------------
---------------------------------M-------------------M-----M----M-----------M--------M--------------
-----M----------------------------------------------MM-----M----M----------------------------------M
----------------------------------------M----------MM------M----MMMMM-------------------------------
M--------------------------------------------------M-------M----------------------------------------
-------------------------------------------------MMM-------M----------------------------------------
-----------------------------------------------------------------------------M--------M-------------
-------------------------------------------------------------------M--M-----------------------------
----M--------------------M---------------------MMMM---------------MM--M-------------MMMMM----M------
----M------------------------------------------M--M-------------MMM---M------------MM---M----M------
----M------------------------------------------M--M-------------------M------------M----M----MMM----
------------------------------M-----------M----M--M-------M-----------MMMM---------M----M----MM-----
------------M-------------------M--------------M--M-------------------M--M---------M----------MM----
----------M------------------------------------M----------------------M--M---------M----------MMM---
-----------------------------------------------M-------M-----------------MMM------------------------
--M-------------------------------------------MM---------------------------M------------------------
--------------------M-------------------------M-----------------------------------------------------
---MM-----------------------------------------MM-M----------------------------M--------------------M
---M--------------------------M----------------------------------------M-----------------------M----
---------------------------------------------------M----M----M--------------------------------------
-----MMMM--------------------------------M---------M----------------------M-----------------MMMM---M
------M-------M------------------M----------M------M---------------M-------------M-------------M---M
