--------------B----------------------------------------------------------------M------------B-----------------------------------------------------------------------------------------------------------------------------------------------------B-------
--------------B-----------------------------------------------------------------------------------------M-------------------------------------------------------------------------------------------------------------------------------------------------
--------------B-----------------------------------------------------------------------------------------M---------------------------B---------------------------------------------------------------------------------------------------------------------
--------------B-----------------------------------------------------------------------------------------M-------------------------------------------------------------------------------------------------------------------------------------------------
--------------B-----------------------------------------------------------------------------------------M------------------------------------------------------M------------------------------------------------------------------------------------------
--------------B------------------M---------------------------------------------------------MM-----------M-------------------------------------------------------------------------------------------------------------------------------------------------
--------------B------------------M---------------------------------------------------------M------------M-------------------------MM----------------------------------------------------------------------------------------------------------------------
--------------B------------------M-----------------------------MM-----MM-------------------M------------M-------------------------M-----------------------------------------------------------------------------------------------------------------------
--------------B------------------M-----------------------------M------MB-------------------M------------M-----------B-------------M-----------------------------------------------------------------------------------------------------------------------
--------------B------------------M-----------------------------M------M--------------------M------------M-------------------------M-----------------------------------------------------------------------------------------------------------------------
--------------B------------------M-----------------------------M------M--------------------M------------M-------------------------M------------------------------------------------M----------B-------------------------------------------M---------------
--------------B------------------M-----------------------------M------M--------------------M------------M-------------------------M---------------------B--------------------------M----------B---------------------------------M---------M---------------
--------------B------------------M-----------------------------M------M--------------------M-------B----M-----M-------------------M------------------------------------------------M----------B---------------------------------M---------M---------------
--------------B------------------M-----------------------------M------M--------------------M------------M-------------------------M------------------------------------------------M----------B-------------------B------------MM---------M---------------
--------------B------------------M-----------------------------M------M--------------------M------------M-------------------------M--------------------M---------------------------M----------B--------------------------------MM---------M---------------
--------------B------------------M-----------------------------M------M--M-----------------M------------M-------------------------M-------------------MM---------------------------M----------B--------------------------------MM---------M---------------
--------------B------------------M-----------------------------M------M--------------------M------------M-------------------------M---------M---------MM---------------------------M----------B--------------------------------MM---------M---------------
--------------B------------------M-----------------------------M------M--------------------M-------M----M-------------------------M-------------------MM---------------------------M----------B--------------------------------MM---------M---------------
--------------B------------------M-----------------------------M------M--------------------M------------M-------------------------M-------------------MM---------------------------M----------B--------------------------------MM---------M---------------
--------------B------------------M-----------------------------M------M--------------------M------------M-------------------------M-------------------MM---------------------------M----------B--------------------------------MM---------M---------------
--------------B------------------M-----------------------------M------M--------------------M------------M-------------------------M-------------------MM---------------------------M----------B--------------------------------MM---------M---------------
--M-----------B------------------M-----------------------------M------M--------------------M------------M-------------------------M-------------------MM---------------------------M----------B--------------------------------MM-B-------M---------------
B-M-----------B------------------M-----------------------------M------M-------------------MM------------M-------------------------M-------------------MM---------------------------M----------B--------------------------------MM---------M---------------
B-M-----------B------------------M-----------------------------M------M---------------------------------M-------------------------M-------------------MM---------------------------M----------B--------------------------------MM---------M---------------
B-M-----------B------------------M-----------------------------M------M---------------------------------M--------------------B------------------------MM---------------------------M----------B--------------------------------MM---------M---------------
B-MM----------B------------------M-----------------------------M----MMM---------------------------------M--------------------B------------------------MM---------------------------M----------B--------------------------------MM---------M---------------
B--M----------B------------------M-----------------------------M-----MM-------------M-------------------M--------------------B------------------------MM-------------------M-------M----------B--------------------------------MM---------M---------------
B-MM------M---B------------------M-----------------------------M-----MM-------------M-------------------M--------------------B------------------------MM---------------------------M----------B--------------------------------MM---------M---------------
B--M------M---B------------------M-B---------------------------M-----MM-------------M-------------------M-----------------B--B------------------------MM-------------------------M-M--------B-B---------------------------------M---------M---------------
B--M------M---B------------------M-B---------------------------M-----MM-------------M-------------------M-----B--------------B------------------------MM------------------M------M-M--------B-B--------------------------------BM---------M---------------
B--MM-----M---B------------------M-B---------------------------M-----MM-------------M-------------------M--------------------B------------------------MM------------M-----M------M-M--------B-B---------------------------------M---------M---------------
B---M-----M---B------------------M-B---------------------------M-----MM----------M--M-------------------M--------------------B------------------------MM------------------M------M-M--------B-B---------------------------------M---------M---------------
B---M-----M---B------------------M-B---------------------------M-----MM----------M--M-------------------M-----------MM-------B------------------------MM------------------M------M-M--------B-B---------------------------------M---------M---------------
B---M-----M---B------------------M-B--------------------B------M-----MM----------M--M-------------------M------------M-------B------------------------MM------------------M------M-M--------B-B---------------------------------M---------M---------M-----
B---M-----M---B------------------M-B--------------------B------M-----MM----------M--M-------------------M------------M-------B------------------------MM------------------M------M-M--------B-B---------------------------------M---------M---------M-----
B---M-----M---B------------------M-B--------------------B------M-----MM----------M--M-------------------M------------M-------B------------------------MM------------------M------M-M--------B-B---------------------------------M---------M---------M-----
----M-----M---B------------------M-B--------------------B------M-----MM----------M--M-------------------M------------M-------B------------------------MM------------------M------M-M--------B-B---------------------------------M---------M---------M-----
----M-----M---B-----------------MM-B--------------------B------M-----MM----------M--M-------------------M------------M-------B------------------------MM------------------M------M-M--------B-B---------------------------------M---------M---------M-----
----M-----M---B--------------------B--------------------B------M-----MM----------M--M-------------------M------------M-------B------------------------MM------------------M------M-M--------B-B---------------------------------M---------M---------M-----
----M-----M---B--------------------B--------------------B------M-----MM----------M--M-------------------M------------M-------B------------------------MM------------------M------M-M--------B-B---------------------------------M---------M---------M-----
----M-----M---B--------------------B--------------------B------M-----MM----------M--M-------------------M------------M-------B------------------------MM------------------M------M-M--------B-B---------------------------------M-------B-M---------M-----
----M-----M---B--------------------B--------------------B------M-----MM----------M--M-B-----------------M------------M-------B------------------------MM------------------M----M-M-M------B-B-B---------------------------------M-------B-M---------M-----
----M-----M---B--------------------B--------------------B------M-----MM----------M--M-------------------M------------M-------B------------------------MM------------------M----M-M-M------B-B-B----------------------B----------M-------B-M---------M-----
----M-----M---B--------------------B--------------------B------M-M---MM----------M--M-------------------M------------M-------B------------------------MM------------------M----M-M-M------B-B-B---------------------------------M-------B-M---------M-----
----M-----M---B--------------------B--------------------B------M-----MM----------M--M-------------------M------------M-------B------------------------MM------------------M----M-M-M------B-B-B---------------------------------M-------B-M---------M-----
----M-----M---B--------------------B--------------------B------M-----MM----------M--M-------------------M------------M-------B------------------------MM------------------M----M-M-M------B-B-B---------------------------------M-------B-M---------M-----
----M-----M---B-----B--------------B---------------B----B------M-----MM----------M--M-------------------M------------M-------B---B--------------------MM------------------M----M-M-M------B-B-B---------------------------------M-------B-M---------M-----
----M-----M---B-----B--------------B---------------B---BB------M-----MM----------M--M-------------------M------------M-------B---B--------------------MM------------------M----M-M-M------B-B-B---------------------------------M-------B-M---------M-----
----M-----M---B-----B--------------B---------------B---B-------M-----MM----------M--M-------------------M------------M-------B---B--------------------MM------------------M----M-M-M------B-B-B------------------------B--------M-------B-M---------M-----
----M-----M---B-----B--------------B---------------B---B-------M-----MM----------M--M-------------------M------------M-------B---B--------------------MM------------------M----MMM-MBB----B-B-BMM-------------------------------M-------B-M---------M-----
----M-----M---B-----B--------------B---------------B---B-------M-----MM----------M--M-------------------M------------M-------B---B--------------------MM------------------M------M-M-B----B-B-B-M-------------------------------M-------B-M---------M-----
----M-----M---B-----B--------------B---------------B---B-------M-----MM----------M--M-------------------M------------M-------B-B-B--------------------MM------------------M----MMM-M-B----BBB-B-M-------------------------------M-------B-M---------M-----
----M-----M---B-----B--------------B---------------B---B-------M-----MM----------M--M-------------------M------------M-------B---B--------------------MM------------------M----MBM-M-B----BMB-B-M-------------------------------M-------B-M--------MM-----
----M-----M---B-----B--------------B---------------B---B-------M-----MM----------M--M-------------------M------------M-------B---B--------------------MM------------------M----M-M-M-B----B-B-B-M-------------------------------M-------B-M--------MM-----
----M-----M---B-----B--------------B---------------B---B-------M-----MM----------M--M-------------------M------------M-------B---B--------------------MM------------------M----M-M-M-B----B-B-B-M----------------------------M--M-------B-M--------MM-----
----M-----M---B-----B--------------B---------------B-B-B-------M-----MM----------M--M----------------M--M------------M-------B---B--------------------MM------------------M----M-M-M-B----B-B-B-M-------------------------------M-------B-M--------MM-----
----M-----M---B-----B--------------B---------------B-B-B-------M-----MM----------M--M----------------M--M------------M-------B---B--------------------MM------------------M----M-M-M-B----B-B-B-M-------------------------------M------BB-M--------MM-----
----M-----M---B-B---B--------------B---------------B-B-B-------M-----MM----------M--M----------------M--M------------M-------B---B--------------------MM------------------M----M-M-M-B----B-B-B-M-------------------------------M------B--M--------MM-----
----M-----M---B-----B--------------B---------------B-B-B-------M-----MM----------M--M-M--------------M--M------------M-------B---B--------------------MM------------------M----M-M-M-B----B-B-B-M------------BBB----------------M------B--M--------MM-----
----M-----M---B-----B--------------B---------------B-B-B-------M-----MM----------M--M----------------M--M------------M-------B---B--------------------MM------------------M----M-M-M-B----B-B-B-M------------BMM----------------M------B--M--------MM-----
----M-M---M---B-----B--------------B---------------B-B-B-------M-----MM----------M--M----------------M--M------------M-------B---B--------------------MM------------------M----M-M-M-B----B-B-B-M------------B-M----------------M------BB-M--------MM-----
----M-M---M---B-----B--------------B---------------B-B-B--B----M-----MM----------M--M----------------M--M------------M-------B---B--------------B-----MM------------------M----M-M-M-B----B-B-B-M------------B-M----------------M------B--M--------MM-----
----M-M---M-B-B-----B--------------B---------------B-B-B-------M-----MM----------M--M----------------M--M------------M-------B---B--------------------MM------------------M----M-M-M-B----B-B-B-M------------B-M----------------M------B--M--------MM-----
----M-M---M-B-B-----B--------------B---------------B-B-B-------M-----MM----------M--M----------------M--M------------M-------B---B--------------------MM------------------M----M-M-M-B----B-B-B-M------------B-M----------------M------B--M--------MMM----
----M-M---M-B-B-----B--------------B---------------B-B-B-------M-----MM----------M--M----------------M--M------------M-------B---B--------------------MM------------------M----M-M-M-B----B-B-B-M------------B-M----------------M------B--M----------M----
----M-M---M-B-B-----B--------------B---------------B-B-B-------M-----MM----------M--M----------------M--M------------M-------B---B--------------------MM----------------MMM----M-M-M-B----B-B-B-M------------B-M----------------M------B--M----------M----
----M-M---M-B-B-----B--------------B---------------B-B-B-------M-----MM----------M--M----------------M--M------------M-------B---B--------------------MM-----------------MM----M-M-M-B----B-B-B-M------------B-M----------------M------B--M----------M----
----M-M---M-B-B-----B--------------B-------M-------B-B-B-------M-----MM----------M--M----------------M--M------------M-------B---B--------MM----------MM-----------------MM----M-M-M-B----B-B-B-M------------B-M----------------M------B--M----------M----
----M-M---M-B-B---B-B--------------B-------M-------B-B-B-------M-----MM----------M--M----------------M--M------------M-------B---B--------MM----------MM-----------------MM----M-M-M-B----B-B-B-M------------B-M----------------M------B--M----------M----
----M-M---M-B-B-----B--------------B-------M-------B-B-B-------M-----MM----------M--M----------------M--M------------M-------B---B-------MMM----------MM-----------------MM----M-M-M-B----B-B-B-M------------B-M----------------M------B--M----------M----
----M-M-B-M-B-B-----B--------------B-------M-------B-B-B-------M-----MM----------M--M----------------M--M------------M-------B---B------MMMM----------MM-----------------MM----M-M-M-B----B-B-B-M------------B-M----------------M------B--M----------M----
----M-MB--M-B-------B--------------B-------M-------B-B-B-------M-----MM----------M--M----------------M--M------------M-------B---B------MMMM----------MM-----------------MM----M-M-M-B----B-B-B-M---BB-------B-M----------------M------B--M----------M----
----M-MB--MMB-------B--------------B------MM-------B-B-B-------M-----MM----------M--M----------------M--M------------M-------B---B------MMMM----------MM-M---------------MM----M-M-M-B----B-B-B-M----B-------B-M----------------M---------M----------M----
----M-MB---MB-------B--------------B-----MMM-------B-B-B-------M-----MM----------M--M----------------M--M------------M-------B---B------MMMM----------MM-----------------MM----M-M-M-B----B-B-B-M----B-------B-M----------------M---------M----------M----
----M-MB---MB-------B--------------B-----M-M-------B-B-B-------M-----MM----------M--M---------B------M--M------------M-------B---B------MMMM----------MM-----------------MM----M-M-M-B----B-B-B-M----B-------B-M----------------M---------M----------M--MB
----M-MB---MB-------B--------------B-----M-M-------B-B-B-------M-----MM----------M--M--------BB------M--M------------M-------B---B------MMMM----------MM-----------------MM----M-M-M-B----B-B-B-M----B-------B-M----------------M---------M----------M---B
----M-MB---MB-------B--------------B-----M-M-------B-B-BM------M-----MM----------M--M----------------M--M----------B-M-------B---B------MMMM----------MM-----------------MM----M-M-M-B----B-B-B-M----B-------B-M----------------M---------M----------M---B
----M-MB---MB-------B--------------B-----M-M-------B-B-B-------M-----MM----------M--M----------------M--M------------M-------B---B------MMMM----------MM-----------------MM----M-M-M-B----B-B-B-M----B-------B-M----------------M---------M----------M---B
----M-MB--BB--------B--------------B-----M-M-------B-BMB-------M-----MM----------M--M----------------M--M------------M-------B---B------MMMM----------MM-----------------MM----M-M-M-B----B-B-B-M----B-------B-M----------------M---------M----------M---B
----M-MB---B--------B-M------------B-----M-M-------BBBBB-------M-----MM----------M--M----------------M--M------------M-------B---B------MMMM----------MM-----------------MM----M-M-M-B----B-B-B-M----B-------B-M----------------M---------M----------M---B
----M-MB---B--------B--------------B-----M-M-----------B-------M-----MM----------M--M----------------M--M------------M-------B---B------MMMM----------MM--------M--------MM----M-M-M-B----B-B-B-M----B-------B-M----------------M---------M----------M---B
----M-MB---B--------B--------------B-----M-M-----------B-------M-----MM----------M--M----------------M--M------------M-------B---B------MMMM----------MM-----------------MM----M-M-M-B----B-B-B-M----B-------B-M----------------M---------M----------M---B
----M-MB------------B--------------B-----M-M----------BB-------M-----MM----------M--M----------------M--M------------M-------B---B------MMMM----------MM-----------------MM----M-M-M-B----B-B-B-M----B-------B-M----------------M---------M----------M---B
----M-MB------------B--------------B-B---M-M----------B--------M-----MM----------M--M----------------M--M------------M-------B-M-B------MMMM----------MM-----------------MM----M-M-M-B----B-B-B-M----B-------B-M----------------M---------M----------M---B
----M-MB---------M--B--------------B-B---M-M----------B--------M-----MM----------M--M-----------M----M--M------------M-------B---B------MMMM----M-----MM-----------------MM----M-M-M-B----B-B-B-M----B-------B-M----------------M---------M----------M---B
----M-MB---------M--B--------------B-B---M-M---------BB--------M--B--MM----------M--M-----------M----M--M------------M-------B---B------MMMM----------MM-----------------MM----M-M-M-B----B-B-B-M----B-------B-M----------------M---------M----------M---B
----M-MB---------M--B--------------B-B---M-M---------B---------M-----MM----------M--M-----------M----M--M------------M-------B---B------MMM-----------MM----B------------MM----M-M-M-B----B-B-B-M----B-------B-M----------------M---------M----------M---B
----M-MB---------M--B--------------B-B---M-M--------BB---------M-----MM----------M--M-----------M----M--M------------M-------B---B------MMM-----------MM----B------------MM----M-M-M-B----B-B-B-M----BB------B-M----------------M---------M-M--------M---B
----M-MB---------M--B--------------B-B-----M--------B----------M-----MM----------M--M-----------M----M--M------------M-------B---B------MMM-----------MM--B-B------------MM----M-M-M-B----B-B-B-M-----B------B-M--M-------------M--------MM-M--------M---B
----M-MB---------M--B--------------B-B-----M--------B----------M-----MM----------M--M-----------M----M--M------------M-------B---B------MMM-----------MM----B------------MM----M-M-M-B----B-B-B-M----MB------B-M----------------M-----------M--------M---B
----M-MB---------M--B--------B-----B-B-----M--------B----------M-----MM----------M--M-----------M----M--M------------M-------B---B------MMM-----------MM----B------------MM----M-M-M-B----B-B-B-M-----B------B-M----------------M-----------M--------M---B
----M-MB-----M---M--B--M-----B-----B-B-----M--------B----------M-----MM----------M--M-----------M----M--M------------M-------B---B------MMM-----------MM----B------------MM----M-M-M-B----B-B-B-M-----B------B-M----------------M-----------M--------M---B
----M-MB-----M---M--B--M-----B-----B-B-----M--------B----------M-----MM----------M-MM-----------M----M--M------------M-------BB--B------MMM-----------MM----B------------MM----M-M-M-B----B-B-B-M-----B------B-M----------------M-----------M--------M---B
-M--M-M------M---M--B--M-----B-----B-B-----M--------B-------M--M-----MM----------M-M------------M----M--M------------M-------BB--B------MMM-----------MM----B------------MM----M-M-M-B----B-B-B-M-----B------B-M-------------B--M-----------M--------M---B
-M--M-M------M---M--B--MM----B-----B-B-----M--------B-------M--M-----MM----------M-MB-----------M----M--M------------M-------BB--B------MMM-----------MM----B------------MM----M-M-M-B----B-B-B-M-----B------B-M----------------M-----------M--------M---B
-M--M-M------M---M--B---M----B-----B-B-----M--------B-------M--M-----MM----------M-M------------M----M--M----B-------M-------BB--B------MMM-----------MM----B------------MM----M-M-M-B----B-B-B-M-----B------B-M----------------M-----------M------------B
-M--M-M------M---M--B---M----------B-B-----M------MMB-------M--M-----MM----------M-M------------M----M--M------------M-------BB--B------MMM-----------MM----B------------MM----M-M-M-B----B-B-B-M-----B------B-M----------------M-----------M------------B
-M--M-M------M---M--B---M----------B-B-----M----B-M-BMMM----M--M-----MM----------M-M------------M----M--M------------M-------BB--B------MMM-----------MM----BB-----------MM----M-M-M-B----B-B-B-M-----B------B-M----------------M-----------M------------B
-M--M-M------M---M--B---M----------B-B-----M----B-M-B--M----M--M-----MM----------M-M------------M----M--M------------M-------BB--B------MMM-----------MM----MB-----------MM----M-M-M-B----B-B-B-M-----B------B-M----------------M-----------M------------B
-M--M-M------M---M--B---M----------BBB-----M----B-M-B--M----M--M-----MM----------M-M------------M----M--M------------M-------BB--B------MMM-----------MM----MB-----------MM----M-M-M-B----B-B-B-M-----B------B-M----------------M----B------M------------B
-M--M-M------M---M--B---M----------BB------M----B-M-B--M----M--M-----MM----------MMM------------M----M--M-BB---------M-------BB--B------MMM-----------MM----MBB----------MM----M-M-M-B----B-B-B-M-----B------B-M----------------M----B------M------------B
-M--M-M------M---M--B---M----------B-------M----B-M-B--M----M--M-----MM----------M--------------M----M--M-B----------M-------BB--B------MMM-----------MM----MBB-B--------MM----M-M-M-B----B-B-B-M-----B------B-M----------------M----B------MB-----------B
-M--M-M------M---M--B---M--------BBB-------M----B-M-B--M----M--M-----MM----------M--------------M----M--M-B-------B--M-------BB--B------MMM-----------MM---MMBB----------MM----M-M-M-B----B-B-B-M-----B------B-M----------------M----B------M------------B
-M--M-M------M---M--B---M--------B---------M----B-M-B--M----M--M-----MM----------M--------------M----M--M-B-------B--M-------BB--B------MMM-----------MM-----BB----------MM----M-M-M-B----B-B-B-M-----B------B-M----------------M----B------M------------B
-M--M-M------M---M--B---M--------BBB-------M----B-M-B--M----M--M-----MM-------------------------M----M--M-B-------B--M-------BB--B------MMM-----------MM-----BB----------MM----M-M-M-B----B-B-B-M-----B------B-M----------------M----B------M------------B
-M--M-M------M---M--B---M--------B-B-------MB---B-M-B--M----M--M-----MM-----------------------M-M----M--M-B-------B--M-------BB--B------MMM-----------MM-----BB----------MM----M-M-M-B----B-B-B-M-----B------B-M--------------B-M----B------M------------B
-M--M-M------M---M--B---M--------B-BB------M----B-M-B--M----M--M-----MM-------------------------M----M--M-B-------B--M-------BB--B------MMM-----------MM-----BB----------MM----M-M-M-B----B-B-B-M-----B------B-M----------------M----B------M------------B
-M--M-M------M---M--B---M--------B--BB-----MM---B-M-B--M----M--M-----MM-------------------------M----M--M-B-------B--M-------BB--B------MMM-----------MM-----BB----------MM----M-M-M-B----B-B-B-M-----B------B-M----------------M----B------M------------B
-M--MBM------M---M--B---M--------B---B-----BM---B-M-B--M----M--M-----MM-------------------------M----M--M-B-------B--M-------BB--B------MMM-----------MM-----BB----------MM----M-M-M-B----B-B-B-M-----B------B-M----------------M----B------M------------B
-M--MMM------M---M--B---M--------B---B-----BM---B-M-B--M----M--M-----MM-------------------------M----M--M-B-------B--M-------BB--B------MMM-----------MM-----BB----------MM----M-M-M-B----B-B-B-M-----B------B-M----------------M----B------M------------B
-M----M------M---M--B---M--------B---B-----BM---B-M-B--M----M-MM-----MM-------------------------M----M--M-B-MM----B--M-------BB--B------MMM-----------MM-----BB----------MM----M-M-M-B----B-B-B-M-----B------B-M----------------M----B------M------------B
-M---MM------M---M--B---M--------B---B-----BM---B-M-B--M----M--------MM-------------------------M----M--M-B--M----B--M-------BB--B------MMM-----------MM-----BB----------MM----M-M-M-BB---B-B-B-MM----B------B-M----------------M----B------M------------B
-M---M-------M---M--B---M--------B---B-----BM---B-M-B--M----M--------MM-------------------------M-B--M--M-B--M----B--M-------BB--B------MMM-----------MM-----BB----------MM----M-M-M-B----B-B-B-MM----B------B-M----------------M----B------M------------B
-M---M-------M---M--B---M--------B---B-----BM---B-M-B--M----M--------MM-------------------------M----M--M-B--M----B--M-------BB--B------MMM-----------MM-----BB----------MM----M-M-M-B----B-B-B-MM----B------B-M----------------M----B------M------------B
-M---M-------M---M--B---M--------B---B-----BM---B-M-B--M----M------M-MM-------------------------M----M--M-B--M----B--M-------BB--B------MMM-----------MM-----BB----------MM----M-M-M-BB---B-B-B-MM----B------B-M----------------M----B------M------------B
-M---M-------M---M--B---M--------B---B-----BM---B-M-B--M----M--------MM-------------------------M----M--M-B--M----B--M-------BB--B------MMM-----------MM-----BB----------MM----M-M-M-BB---B-B-B-MM----B------B-M----------------M----B------M----------BBB
-M---M-------M---M--B---M--------B---B-----BM---B-M-B--M----M--------MM-------------------------M----M--M-B--M----B--M-------BB--B------MMM-----------MM-----BB----------MM----M-M-M-BB---B-B-B-MM----B------B-M----------------M----B------M-----------BB
-M---M-------M---M--B---M--------B---B-----BM---B-M-B--M----M--------MM-------------------------M----M--M-B--M----B--M-------BB--B------MMM-----------MM-----BB----------MM----M-M-M-BB---B-B-B-MM----B------B-M----------------M----B------M-----------BB
-M---M-------M---M--B---M--------B---B-----BM---B-M-B--M----M--------MM-------M----------M------M----M--M-B--M----B--M-------BB--B------MMM-----------MM-----BB----------MM----M-M-M-BB---B-B-B-MM----B------B-M----------------M----B------M-----------BB
-M---M-------M---M--B---M--------B---B-----BM---B-M-B--M----M--------MM-------M-----------------M----M--M-B--M----B--M-------BB--B------MMM-----------MM-----BB----------MM----M-M-M-BB---B-B-B-MM----B------B-M----------------M----B------M-----------BB
-M---M-------M---M--B---M--------B---B-----BM---B-M-B--M----M--------MM-------M-----------------M----M--M-B--M----B--M-------BB--B------MMM-----------MM-----BB----------MM----M-M-M-BB---B-B-B-MM----B------B-M----------------M----B------M-----------BB
-M---M-------M---M--B---M--------B---B-----BM---B-M-B--M----M--------MM-------M-----------------M----M--M-B--M----B--M-------B---B------MMM-----------MM-----BB----------MM----M-M-M-BB---B-B-B-MM----B------B-M----------------M---BB------M-------------
-M---M-------M---M--B---M--------B---B-----BM---B-M-B--M----M--------MM-------M-----------------M----M--M-B--M----B--M-------BM--B------MMM-----------MM-----BB----------MM----M-M-M-BB---B-B-B-MM----B------B-M----------------M----B------M-------------
-M---M-------M---M--B---M--------B---B-----BM---B-M-B--M----M--------MM-------M-----------------M----M--M-B--M----B--M-------B---B------MMM-----------MM-----BB----------MM----M-M-M-BB---B-B-B-MM----B------B-M----------------M----B------M-------------
-M---M-------M---M--B---M--------B---B-----BM---B-M-B--M----M--------MM-------M-----------------M----M--M-B--M----B--M-------B---B------M-M-----------MM-----BB----------MM----M-M-M-BB---B-B-B-MM-M--B------B-M----------------M----B------M-------------
-M---M-------M---M--B---M--------B---B-----BM---B-M-B--M----M--------MM-------M-----------------M----M--M-B--M----B--M-------B---B------M-M-----------MM-----BB----------MM----M-M-M-BB---B-B-B-MM----B------B-M----------------M----B------M-------------
-M---M-------M---M--B---M--------B---B-----BM---B-M-B--M----M--------MM-------M-----------------M----M--M-B--M----B--M-------B---B------M-M----B------MM-----BB----------MM----M-M-M-BB---B-B-B-MM----B----B-B-M------------M---M----B------M-------------
-M---M-------M---M--B---M--------B---B-----BM---B-M-B--M----M--------MM-------M-----------------M----M--M-B--M----B--M-------B---B------M-M---BB------MM-----BB----------MM----M-M-M-BB---B-B-B-MM----B------B-M----------------M----B------M-------------
-M---M-------M---M--B---M--------B---B-----BM---B-M-B--M----M--------MM-------M-----------------M----M--M-B--M----B--M-------B---B------M-M-----------MM-----BB----------MM----M-M-M-BB---B-B-B-MM----B------B-M----------------M----B------M-------------
-M---M-------M---M--B---M--------B---B-----BM---B-M-B--M----M--------MM-------M-----------------M----M--M-B--M----B--M-------B---B------M-M-----------MM-----BB----------MM----M-M-M-BB---B-B-B-MM----B------B-M----------------M----B------M-------------
-M---M-------M---M--B---M--------B---B-----BM---B-M-B--M----M--------MM-------M-----------------M----M--M-B--M----B--M-------B---B------M-M-----------MM-----BB----------MM----M-M-M-BB---B-B-B-MM----B------B-M----------------M----B------M-------------
-M---M-------M---M--B---M--------B---B--B--BM---B-M-B--M----M--------MM-------M-----------------M----M--MBB--M----B--M------BB---B------M-M-----------MM-----BB----------MM----M-M-M-BB---B-B-B-MM----B------B-M----------------M----B------M-------------
-M---M-------M---M--B---M--------B---B--B--BM---B-M-B--M----M--------MM-------M-----------------M----M--MMM--M----B--M------BB---B------M-M----M------MM-----BB----------MM----M-M-M-BB---B-B-B-MM----B------B-M----------------M----B------M-------------
-M---M-------M---M--B---M--------B---B--B--BM---B-M-B--M----M--------MM-------M-----------------M----M--M-M--M----B--M------BB---B------M-M-----------MM-----BB----------MM----M-M-M-BB---B-B-B-MM----B------B-M----------------M----B------M-------------
-M---M-------M---M--B---M--------B---B--B--BM---B-M-B--M----M---------M-------M-----------------M----M--M-M--M----B--M------BB---B------M-M-----------MM-----BB----------MM----M-M-M-BB---B-B-B-MM----B------B-M----------------M----B------M-------------
-M---M-------M---M--B---M--------B---B--B--BM---B-M-B--M----M--------MM-------M-----------------M----M--M-M--M----B--M------BB---B------M-M-----------MM-----BB----------MM----M-M-M-BB---B-B-B-MM----B------B-M----------------M----B------M-------------
-M---M-------M---M--B---M--------B---B--B--BM---B-M-B--M----M--------M--------M-----------------M----M--M-M--M----B--M------BB---B------M-M-----------MM-----BB----------MM----M-M-M-BB---B-B-B-MM----B------B-M----------------M----B------M-------------
-M---M-------M---M--B---M--------B---B--B--BM---B-M-B--M----M--------M--------M-----------------M----M--M-M--M----B--M------BB---B------M-M-----------MM-----BB----------MM----M-M-M-BB---B-B-B-MM----B------B-M----------------M----B------M-------------
-M---M-------M---M--B---M--------B---B--B--BM---B-M-B--M----M--------M--------M-----------------M----M--M-M--M----B--M------BB---B------M-M-----------MM-----BB----------MM----M-M-M-BB---B-B-B-MM----B------B-M----------------M----B------M-------------
-M---M-------M---M--B---M--------B---B--B--BM---B-M-B--M----M--------M--------M-----------------M----M--M-M--M----B--M------BB---B------M-M-----------MM-----BB----------MM----M-M-M-BB---B-B-B-MM----B------B-M----------------M----B------M-------------
-M---M-------M---M--B---M--------B---B--B--BM---B-M-B--M----M--------M--------M---------B-------M----M--M-M-------B--M------BB---B------M-M-----------MM-----BB---B-------M----M-M-M-BB---B-B-B-MM----B------B-M----------------M----B------M-------------
-M---M-------M---M--B---M--------B---B--B--BM---B-M-B-------M--------M--------M---------B-------M----M--M-M-------B--M------BB---B------M-M-----------MM-----BB---B------BM----M-M-M-BB---B-B-B-MM----B------B-MB---------B-----M----B------M-------------
-M---M-------M---M--B---M--------B---B--B--BM---B-M-B-------M--------M--------M---------B-------M----M--M-M-------B--M------BB---B------M-M-----------MM-----BB---B----B--M----M-MMM-BB---B-BBB-MM----B------B-MB---------B-----M----B------M-------------
-M---M-------M---M--B---M--------B---B--B--BM---B-M-B-------M--------M--------M---------B-------M----M--M-M-------B--M------BB---B------M-M-----------MM-----BB---B----B--M----M-----BB---B-----MM----B------B-MB---------B-----M----B------M-------------
-M---M-------M---M--B---M--------B---B--B--B----B-M-B-------M--------M--------M---------BB------M----M--M-M-------B--M------BB---B------M-M-----------MM-----BB---B----B--M----M-----BB---B-----MM----B------B-MB---------B-----M----B------M-------------
-M---M-------M---M--B---M--------B---B--B--B----B-M-B-------M--------M--------M----------B------M----M--M-M-------B--M------BB---B------M-M-----------MM-----BB---B----B--M----M-----BB---B-----MM----B------B-MB---------B-----M----B------M-------------
-M---M-------M---M--B---M--------B---B--B--B----B-M-B-------M--------M--------M----------B------M----M--M-M-------B--M------BB---B------M-M-----------MM-----BB---B---BB--M----M-----BB---B-----MM----B------B-MB---------B-----M----B------M-------------
-M---M---B---M---M--B---M--------B---B--B--B----B-M-B-------M--------M--------M----------B------M----M--M-M-------B--M------BB---B------M-M------B----MM-----BB---B---B---M----M-----BB---B-----MM----B------B-MB---------B-----M----B------M-------------
-M---M-------M---M--B---M--------B---B--B--B----B-M-B-------M--------M--------M----------B------M----M--M-M-------B--M------BB---B------M-M------B----MM-----BB---B---B---M----M-----BB---B-----MM----B------B-MB---------B-----MM---B------M-------------
-M-----------M---M--B---M--------B---B--B--B----B-M-B-------M--------M--------M---------BB------M----M--M-M-------B--M------BB---B------M-M------B----MM-----BB---B---B---M----M-----BB---B-----MM----B------B-MB---------B----------B------M-------------
-M-----------M---M--B---M---M----B---B--B--B----B-M-B-------M--------M--------M---------B-------M----M--M-M-------B--M------BB---B------M-M------B----MM-----BB---B---B---M----M-----BB---B-----MM----B------B-MB---------B----------B------M-------------
-M-----------M---M--B---MB-------B---B--B--B----B-M-B-------M--------M--------M---------B-------M----M--M-M-------B--M------BB---B------M-M--M---B----MM-----BB---B---B---M----M-----BB---B-----MM----B------B-MB---------B----------B------M-------------
-M-----------M---M--B---MM-------B---B--B--B----B-M-B-------M--------M--------M---------B-------M----M--M-M-------B--M------BB---B------M-M------B----MM-----BB---B---B---M----M-----BB---B-----MM----B------B-MB---------B----------B------M-------------
-M-----------M---M--B------------B---B--B--B----B-M-B-------M--------M--------M---------B-------M----M--M---------B--M------BB---B------M-M------B----MM-----BB---B---B---M----M-----BB---B-----MM----B------B-MB---------B----------B------M-------------
-M-----------M---M--B------------B--MB--B--B----B-M-B-------M--------M--------M---------B-------M----M--M---------B--M------BB---B------M-M------B----MM-----BB---B---B---M----M-----BB---B-----MM----B------B-MB---------B----------B------M----M--------
-M-----------M---M--B------------B---B--B--B----B-M-B-------M--------M--------M---------B-------M----M--M---------B--M------BB---B------M-M------BM---MM-----BB---B---B---M----M-----BB---B-----MM----B------B-MBB--------B----------B------M-------------
-M-----------M---M--B------------B---B--B--B----B-M-B-------M--------M--------M------M--B-------M----M--M---------B--M------BB---B------M-M------BM---MM-----BB---B---B---M----M-----BB---B-----MM----B------B-M----------B----------B------M-------------
-M-----------M---M--B------------B---B--B--B----B-M-B-------M--------M--------M------M--B-------M----M--M---------B--M------BB---B------M-M------BM---MM-----BB---B---B---M----M-----BB---B-----MM----B------B-M----------B----------B------M-------------
-M-----------M---M--B------------B---B--B--B----B-M-B-------M--------M--------M------M--B-------M----M--M---------B--M------BB---B------M-M------BM---MM-----BB---B---B---M----M-----BB---B-----MM----B------B-M----------B----------B------M-------------
-M-----------M---M--B----------------B--B--B----B-M-B-------M--------M--------M------M--B-------M----M--M---------B--M------BB---B------M-M------BMB--MM-----BB---B---B---M----M-----BB---B-----MM----B------B-M----------B----------B------M-------------
-M-----------M---M--B----------------B--B--B----B-M-B-------M--------M--------M------M--B-------M----M--M---------B--M------BB---B------M-M------BMB--MM-----BB---B---B---M----M-----BB---B-----MM----B------B-M----------B----------B------M-------------
-M-----------M---M--B----------------B--B--B----B-M-B-------M--------M--------M------M--B-------M----M--M---------B--M------BB---B------M-M------BMB--MM-----BB---B---B---M----M-----BB---B-----MM----B------B-M----------B----------B------M-------------
-M-----------M---M--B----------------B--B--B----B-M-B-------M--------M--------M------M--B-------M----M--M---------B--M------BB---B------M-M------BMB--MM-----BB---B---B---M----M-----B----B-----M-----B------B-M----------B----------B------M-------------
-M-----------M---M--B----------------B--B--B----B-M-B-------M--------M-------BM------M--B-------M----M--M---------B--M------BB---B------M-M------BMB--MM-----BB---B---B---M---MM-----B---BB-----M-----B------B-M----------B----------B------M-------------
-M-----------M---M--B----------------B--B--B----B-M-B-------M--------M-------BM------M--B-------M----M--M---------B--M------BB---B------M-M------BMB--MM-----BB---B---B---M---BB-----B----------M-----B------B-M----------B----------B------M-------------
-M-----------M---M--B----------------B--B--B----B-M-B-------M--------M-------B-------M--B-------M----M--M---------B--M------BB---B------M-M------BMB--MM-----B----B---B---M---B------B----------M-----B------B-M----------B----------B------M-------------
-M--B--------M---M--B----------------B-BB--B----B-M-B-------M--------M-----M-B-------M--B-------M----M--M---------B--M------BB---B------M-M------BMB--MM-----B----B---B---M---B------B----------M-----B------B-M----------B----------B------M-------------
-M-----------M---M--B----------------B-BB--B----B-M-B-------M--------M-------B----------B-------M----M--M---------B--M------BB---B------M-M------BMB--MM-----B----B---B---M---B------B----------M-----B------B-M----------B----------B------M-------------
-M-----------M---M--B----------------B-BB--B----B-M-B-------M--------M-------B----------B-------M----M--M---------B--M------BB---B------M-M------BMB--MM-----B----B---B---M---B------B----------M-----B------B-M----------B----------B------M-------------
-M-----------M---M--B----------------B-BB--B----B-M-B-------M--------M-------B----------B------------M--M---------B--M---M--BB---B------M-M------BMB--MM-----B----B---B---M---B------B----------M-----B------B-M----------B----------B------M-------------
-M-----------M---M--B----------------B-BB--B----B-M-B-------M--------M-------B----------B------------M--M---------B--M---M--BB---B------M-M------BMB--M------B----B---B---M---B------B----------M-----B------B-M----------B----------B------M-------------
-M-----------M---M--B---------B------B-BB--B----B-M-B------MM--------M-------B----------B------------M--M---------B--M---M--BB---B------M-M------BMB-MM------B----B--BB---M---B------B----------M-----B------B-M----------B----------B------M-------------
-M-----------M---M--B------B--B------B-BB--B----B-M-B------MM--------M-------B----------B------------M--M---------B--M---M--BB---B------M-M------BMB-M-------B----B-------M---B------B----------M-----B---B--B-M----------B----------B------M-------------
-M-----------M---M--B------B--B------BMBB--B----B-M-B------MM--------M-------B----------B------------M--M---------B--M---M--BB---B------M-M------BMB---------B----B-------M---B------B----------M-----B---B--B-M----------B----------B------M-------------
-M-----------M---M--B------B--B------BBBB--B----B-M-B------MM--------M-------B----------B------------M--M------B--B--M---M--BB---B------M-M------BMB---------B----B-------M---B------B----------M-----B---B--B-M----------B----------B------M-------------
-M-----------M---M--B------B--B------BBB---B----B-M-B------MM--------M-------B----------B------------M--M---------B--M---M--BB---B------M-M------BMB---------B----B-------M---B------B----------M-----B---B--B-M---M------B----------B------M-------------
-M-----------M---M--B------B--B------BBB---B----B-M-B----B-MM--------M-------B----------B------------M--M---------B--M---M--BB---B------M-M------BMB---------B----B-------M---B------B----------M-----B---B--B-M----------B----------B------M-------------
-M-----------M---M--B------B--BB-----BBBB--B----B-M-B------MM--------M-------B----------B------B--------M---------B--M---M--BB---B------M-M------BMB---------B----B-------M---B------B----------M-----B---B--B-M----------B----------B------M-------------
-M-----------M---M--B------B--BB-----BB-B--B----B-M-B------MM--------M-------B----------B---------------M---------B--M---M--BB---B------M-M-------MBB-------------B-----------B------B----------M-----B---B--B-M----------B----------B------M-------------
-M-----------M---M--B------B--BB-----BB-B--B----B-M-B------MM--------M-------B----------B---------------M---------B--M--MM--BB---B------M-M--B----M---------------B-----------B------B----------M-----B---B--B-M----------B----------B------M-------------
-M-----------M---M--B------B--BB-----BB-B--B----B-M-B------MM--------M-------B----------B---------------M---------B--M-MMB--BB---B-----MM-M-------M---------------B-----------B------B----------M-----B---B--B-M----------B----------B------M-------------
-M-----------M---M--B------B--BB-----BB-B--B----B-M-B------MM--------M-------B----------B---------------M---------B--M-MBB--BB---B------M-M-------M---------------B-----------B------B----------M-----B---B--B-M----------B----------B------M-------------
-M-----------M---M--B------B--BB-----BB-B--B----B-M-B------MM--------M-------B----------B---------------M---------B--M-MBB--BB---B-----MM-M-------M---------------B-----------B------B----------M-----BB--B--B-M----------B----------B------M-------------
-M-----------M---M--B------B--BB-----BB-B--B----B-M-B------MM--------M-------B----------B---------------M---------B--MMMBB--BB---B-----M--M-------M---------------B-----------B------B----------M------B--B--B-M----------B----------B------M-------------
-M-----------M---M--B------B--BB-----BB-B--B----B-M-B------MM--------M-------B----------B---------------M---------B--MMBBB--BB---B-----M--M-------M---------------B-----------B------B----------M------B--B--B-M----------B----------B------M-------------
-M-----------M---M--B------B--BB-----BB-B--B----B-M-B------MM--------M-------B----------B---------------M---------B--MBBBB--BB---B-----M--M-------M---------------B-----------B------B----------M------B--B--B-M----------B----------B------M---------B---
-M-----------M---M--B------B--BB-----BB-B--B----B-M-B------MM--------M-------B----------B---------------M---------B--MBBBB--BB---B-----M--M-------M---------------B-----------B------B----------M------B--B--B-M----------B----------B------M-------------
-M-----------M---M--BB-----B--BB-----BB-B--B----B-M-B------MM--------M-------B----------B---------------M---------B---BBBB--BB---B-----M--M-------M---------------B-----------B------B----------M------B--B--B-M----------B----------B------M-------------
-M-----------M---M---B-----B--BB-----BB-B--B----B-M-B------MM--------M-------B----------B---------------M---------B---BBBB--BB---B-----M--M-------M---------------B-----------B------B----------M------B--B--B-M----------B----------B------M-------------
-M-----------M---M---B-----B--BB-----BB-B--B----B-M-B------MM--------M-------B----------B---------------M---------B---BBBB--BB---B-----M--M-------M---------------B-----------B------B----------M------B--B--B-M----------B----------B------M-------------
-M-----------M---M---B-----B--BB-----BB-B--B----B-M-B------MM--------M-------B----------B---------------M---------B---BBBB--BB---B-----M--M-------M---------------B-----------B------B----------M------B--B--B-M----------B----------B------M-------------
-M-----------M---M---B-----B--BB-----BB-B--B----B-M-B------MM--------M-------B----------B---------------M---------B---BBBB--BB---B-----M--M-------M---------------B-----------B------B----------M------B--B--B-M----------B----------B------M-------------
-M-----------M---M---B----BB--BB-----BB-B--B----B---B------MM--------M-------B----------B---------------M---------B---BBBB--BB---B-----M--M-------M---------------B-----------B------B----------M------B--B--B-M----------B----------B------M-------------
-M-----------M---M---B--------BB-----BB----B----B---B------MM--------M-------B----------B---------------M---------B---BBBB-BBB---B-----M--M-------M---------------B-----------B------B----------M------B--B--B-M----------B----------B------M-------------
-M-----------M---M---B--------BB-----BB----B----B---B------MM--------M-------B----------B---------------M------M--B---BBBB-BBB---B-----M----------M---------------B-----------B------B----------M------B--B--B-M--------M-B----------B------M-------------
-M-----------M---M---B--------BB-----BB----B----B---B------MM--------M-------B----------B---------------M---------B---BBBB-BBB---B-----M----------M---------------B-----------B------B----------M------B--B--B-M--------MBB----------B------M--M----------
-M-----------M---M---B--------BB-----BB----B----B---B------MM--------M-------B----------B---------------M---------B---B-BB-BBB---B-----M----------M---------------B-----------B------B----------M------B--B--B-M--------M------------B------M-------------
-M-----------M---M---B--------BB-----BB----B----B---B------MM--------M-------B----------B---------------M---------B---B-BB-BBB---B-----M----------M---------------B-----------B------B----------M------B--B--B-M--------M------------B------M-------------
-M-----------M---M---B--------BB-----BB----B----B---B-------M--------M-------B----------B---------------M---------B---B-BB-BBB---B-----M----------M---------------B-----------B------B----------M------B--B--B-M--------M------------B------M-------------
-M-----------M---M---B--------BB-----BB----B----B---B-------M--------M-------B----------B---------------M---------B---B-BB-BBB---B-----M----------M---------------MM----------B------B----------M------B--B--B-M--------M------------B------M-------------
-M-----------M---M---B--------BB-----BB----B----B---B-------MM-------M-------B----------B---------------M---------B---B-BB-BBB---B-----M----------M---------------M-----------B------B----------M------B--B--B-M--------M------------B------M-------------
-M-----------M---M------------BB-----BB----B----B---B----------------M-------B----------B---------------M---------B---B-BB-BBB---B-----M----------M---------------M-----------B------B----------M------B--B--B-M---B----M------------B------M-------------
-M-----------M---M------------BB-----BB----B----B---B----------------M-------B----------B---------------M---------B---B-BB-BBB---B-----M----------M---------------M-----------B------B----------M------B--B--B-M-------MM------------B------M-------------
-M-----------M---M------------BB-----BB----B----B---B----------------M-------B----------B---------------M---------B---B-BB-BBB---B-----M----------M---------------M-----------B------B----------M------B--B--B-M-------M-------------B------M--BBB--------
-M-----------M---M------------BB-----BB----B----B---B----------------M-------B----------B---------------M---------B---B-BB-------B-----M----------M---------------M-----------B------B----------M------B--B--B-M-------M-------------B------M--B-B--------
-M-----------M---M------------BB-----BB----B----B---B----------------M-------B----------B---------------M---------B---B-BB-------B-----M----------M---------------M-----------B------B----------M------B--B--B-M---------------------B------M--B----------
-M-----------M---M------------BB-----BB----B----B---B----------------M-------B----------B---------------M---------B-----BB-------B-----M----------M---------------M-----------B------B----------M------B--B--B-M---------------------B------M--B----------
-M----------MM---M------------BB-----BB----B----B---B----------------M-------B----------B---------------M---------B-----BB-------B-----M----------M---------------M-----------B------B----------M------B--B--B-M---------------------B------M--B----------
-M---------------M------------BB-----BB----B----B---B----------------M-------B----------B---------------M---------B-----BB-------B-----M----------M---------------M-----------B------B----------M------B--B--B-M---------------------B------M--B----------
-M---------------M------------BB-----BB----B----B---B----------------M-------B----------B---------------M---------B-----BB-------B-----M----------M---------------M-----------B------B----------M------B--B--B-M---------------------B------M--B----------
-M---------------M------------BB-----BB----B----B---B----------------M-------B----------B---------------M---------B-----BB-------B-----M----------M---------------M-----------B------B----------M------B--B--B-M---------------------B------M--B----------
-M---------------M------------BB-----BB----B----B---B----------------M-------B----------B---------------M---------B-----BB-------B-----M----------M---------------M-----------B------B----------M------B--B--B-M---------------------B------M--B----------
-M---------------M------------BB-----BB----B--M-B---B----------------M-------B----------B---------------M---------B-----B--------------M----------M---------------M-----------B------B----------M------B--B--B-M---------------------B------M--B----------
-M---------------M------------BB-----BB----B----B---B----------------M-------B----------B---------------M---------B-----B--------------M----------M---------------M-----------B------B----------M------B--B--B-M---------------------B------M--B----------
-M---------------M------------BB-----BB----B----B---B----------------M-------B----------B-----------M---M---------------B--------------M----------M---------------M-----------B------B----------M------B--B--B-M------M--------------B------M--B----------
-M---------------M------------BB------B----B----B---B----------------M-------B----------B---------------M---------------B--------------M----------M---------------M-----------B------------------------B--B--B--------B--------------B------M--B----------
-M---------------M------------BB------B----B----BM--B----------------M-------B----------B---------------M---------------B-------B------M----------M---------------M-----------B------------------------B--B--B-----------------------B------M--B----------
-M---------------M------------BB------B----B----B---B----------------M-------B---------MB---------------M---------------B--------------M----------M---------------M-----------B------------------------B--B--B-----------------------B------M--B----------
-M---------------M------------BB------B----B----B---B----------------M-------B---------BB---------------M---------------B--------------M----------M---------------M-----------B------------------------B--B--B-----------------------B------M--B----------
-M-------------M-M------------BB------B----B----B---B----------------M-------B---------BB-------------B-M---------------B--------------M----------M---------------M-----------B------------------------BBBB--B-----------------------B------M--B----------
-M---------------M------------BB------B----B----B---B----------------M-------B---------BB---------------M---------------B--------------M--------------------------M-----------B-------------------------B----B-----------------------B------M--B----------
-M---------------M------------BB------B----B----B---B----------------M-------B---------BB---------------M---------------B--------------M--------------------------M-----------B-------------------------B----B-----------------------B------M--B----------
-M---------------M------------BB------B----B----B---B-------------------B----B---------BB---------------M---------------B--------------M--------------------------M-----------B-------------------------B----B-----------------------B------M--B----------
-M---------------M------------BB------B----B----B---B-------------------B----B---------BB---------------M---------------B--------------M--------------------------M-----------B-------------------------B----B-----------------------BM-----M--B----------
-M---------------M------------BB------B----B----B---B-------------------B----B---------BB--------------BM---------------B--------------M--------------------------M-----------B-------------------------B----B-----------------------B---BB-MM-B----------
-M---------------M------------BB-----------B----B---B-------------------B----B---------BB---------------M---------------B-----------------------------------------M-----------B-------------------------B----B-----------------------B----B--M-B----------
-M---------------M------------BB-----------B----B---B-------------------B----B---------BB--------------MM---------------B-----------------------------------------M-----------B-------------------------B----B-----------------------B----B--M------------
-M---------------M-------------------------B----B---B-------------------B----B---------BB--------------M----------------B-----------------------------------------M-----------B-------------------------B----B-----------------------B-------M------------
-M---------------M-------------------------B----B---B-------------------B----B---------BB--------------M----------------B----------------------------------------MM-----------B-------------------------B----B-----------------------B-------M------------
-M---------------M-------------------------B----B---B-------------------B----B---------B--------------------------------B-----------------------------------------------------B-------------------------B----B-----------------------B-------M------------
-M---------------M-------------------------B----B-----------------------B----BB--------B--------------------------------B-----------------------------------------------------B-------------------------B----B-----------------------B-------M------------
-M---------------M--------M----------------B----B--------------------------------------B--------------------------------B-----------------------------------------------------B-------------------------B----B-----------------------B-------M------------
-M---------------M-------------------------B----B--------------------------------------B-------------------------M------B-----------------------------------------------------B-------------------------B----B-----------------------B-------M------------
-M---------------M-------------------------B----B--------------------------------------B--------------------------------B-----------------------------------------------------B-------------------------B----B-----------------------B-------M------------
-M---------------M-------------------------B----B--------------------------------------B--------------------------------B-----------------------------------------------------B-------------------------B----B-----------------------B-------M------------
-M---------------M-B-------------------M---B----B--------------------------------------B--------------------------------B-----------------------------------------------------B-------------------------B----B-------------------------------M------------
-M-------------B-M-------------------------B----B--------------------------------------B--------------------------------B-----------------------------------------------------B-------------------------B----B-------------------------------M------------
-M---------------M-------------------------B----B--------------------------------------B--------------------------------B-----------------------------------------------------B-------------------------B----B-------------------------------M------------
-M---------------M-------------------------B----B--------------------------------------B--------------------------------B-----------------------------------------------------B----------M--------------B----B-------------------------------M------------
-M---------------M-------------------------B----B--------------------------------------B--------------------------------B-------------------------------------------------------------------------------B---BB-------------------------------M------------
-M---------------M-------------------------B----B--------------------------------------B--------------------------------B--------------------------------------------------------------------------------------------------------------------M------------
-----------------M-------------------------B----B--------------------------------------B--------------------------------B----------------------------------------------------------------------------------------------------------B----------------------
-----------------M-M-----------------------B--B-B--------------------------------------B-------------------------------------------------------------------------------------------------------------------------------------------B----------------------
-----------------M-------------------------B----B--------------------------------------B-------------------------------------------------------------------------------------------------------------------------------------------B----------------------
-----------------M-------------------------B-------------------------------------------B-------------------------------------------------------------------------------------------------------------------------------------------B----------------------
-----------------M-------------------------B---------------------------------------------------------------------------------------------------------------------------------------------------------------------------------------B----------------------
-----------------M-------------------------B---------------------------------------------------------------------------------------------------------------------------------------------------------------------------------------B-------B--------------
-----------------M-------------------------B---------------------------------------------------------------------------------------------------------------------------------------------------------------------------------------B----------------------
-------------------------------------------B---------------------------------------------------------------------------------------------------------------------------------------------------------------------------------------B----------------------
-------------------------------------------B----------------------------------------------------------------------------------------------------------------------B---------B------------------------------------------------------B----------------------
