825
0 0
12 0
12 9977
10001 9977
9979 9977
9979 9948
9956 9948
9956 9929
79 9929
79 52
23 52
23 13
16 13
22 13
22 9965
22 9944
132 9944
132 70
9925 70
9925 9922
9915 9922
9915 9810
9905 9810
9905 67
9950 67
9950 98
137 98
137 9849
137 9793
9896 9793
9892 9793
9892 125
9892 141
190 141
190 9790
178 9790
178 9785
9877 9785
9859 9785
9859 9758
241 9758
241 9767
241 9750
9854 9750
9854 176
9854 192
316 192
344 192
344 9738
344 9732
9833 9732
9833 225
9833 262
350 262
351 262
351 9727
351 9707
369 9707
369 264
9826 264
9826 282
9765 282
9765 9666
375 9666
375 9657
406 9657
406 9617
9702 9617
9702 306
9811 306
9811 9706
9635 9706
9635 463
447 463
447 9611
407 9611
407 287
379 287
423 287
423 524
518 524
518 549
9587 549
9587 9500
483 9500
483 9487
9612 9487
9612 9505
9559 9505
9559 551
548 551
549 551
549 9486
549 9468
9557 9468
9526 9468
9526 9441
563 9441
563 577
9525 577
9525 588
551 588
551 9464
551 9419
591 9419
591 612
9496 612
9496 9412
9468 9412
9468 9368
606 9368
606 9394
595 9394
595 9343
697 9343
697 678
649 678
649 641
9460 641
9460 604
9503 604
9503 589
9503 671
9396 671
9396 721
9382 721
9382 9332
699 9332
699 9251
9359 9251
9359 726
764 726
774 726
774 760
799 760
799 9235
799 9163
831 9163
831 764
9341 764
9341 777
9271 777
9271 9157
9240 9157
9240 9137
9214 9137
9214 852
844 852
844 818
886 818
886 9156
842 9156
842 9130
915 9130
915 9058
9146 9058
9146 907
918 907
918 892
9166 892
9166 934
1031 934
1031 9048
1031 9045
9106 9045
9078 9045
9078 9012
1070 9012
1070 8995
1116 8995
1116 8925
9021 8925
9021 8992
9059 8992
9056 8992
9056 954
1073 954
1118 954
1118 1001
1135 1001
1135 1044
9013 1044
9013 1006
9013 1058
8935 1058
8935 1076
1160 1076
1160 8783
1139 8783
1139 8887
1139 8787
8944 8787
8904 8787
8904 8715
1175 8715
1175 8736
1173 8736
1173 1097
1208 1097
1208 1129
8892 1129
8892 1152
1221 1152
1221 8704
1221 8703
8878 8703
8865 8703
8865 8687
1258 8687
1258 8696
1257 8696
1257 1221
1276 1221
1276 1268
8855 1268
8855 1252
8855 1344
1289 1344
1289 8673
1289 8670
8842 8670
8819 8670
8819 8571
8772 8571
8772 1367
8810 1367
8810 1345
8810 1365
1308 1365
1344 1365
1344 8563
1344 8551
1452 8551
1452 8518
1488 8518
1488 8505
8701 8505
8701 1530
1455 1530
1455 1511
8750 1511
8750 1397
1349 1397
1412 1397
1412 1552
8630 1552
8630 1563
8622 1563
8622 8479
8615 8479
8615 8433
1523 8433
1523 1580
8612 1580
8612 1596
1501 1596
1501 8474
1501 8430
8544 8430
8506 8430
8506 8364
1559 8364
1559 8374
1558 8374
1558 1653
1579 1653
1579 1666
8468 1666
8468 1672
1624 1672
1629 1672
1629 8328
1629 8325
8446 8325
8424 8325
8424 8310
1647 8310
1647 8309
1691 8309
1691 1712
8405 1712
8405 1729
8351 1729
8351 1818
8303 1818
8303 1825
1804 1825
1804 8194
8350 8194
8350 8257
1649 8257
1649 1705
1775 1705
1775 1819
1811 1819
1811 8308
8401 8308
8285 8308
8285 8162
8254 8162
8254 1911
1814 1911
1814 1832
1890 1832
1890 2029
1972 2029
1972 8102
1892 8102
1892 8123
1892 8107
8269 8107
8269 1910
8269 2033
1975 2033
1993 2033
1993 8098
8137 8098
8112 8098
8112 2046
8112 2048
1997 2048
2049 2048
2049 2111
2085 2111
2085 8019
8092 8019
8092 8035
8073 8035
8073 2070
8094 2070
8094 2129
8030 2129
8030 8001
8014 8001
8014 2200
8014 2203
2097 2203
2097 7991
2097 7980
8006 7980
8002 7980
8002 2211
2139 2211
2148 2211
2148 2303
2189 2303
2189 7932
7923 7932
7923 2309
7952 2309
7952 7953
7932 7953
7932 7876
2191 7876
2191 7870
7954 7870
7954 2285
7954 2325
2199 2325
2242 2325
2242 2355
2259 2355
2259 7848
2244 7848
2244 7827
7905 7827
7905 2341
7905 2364
2262 2364
2272 2364
2272 7819
7866 7819
7865 7819
7865 2367
7865 2393
7835 2393
7835 2484
2340 2484
2340 7729
7854 7729
7854 7756
7821 7756
7821 2411
2337 2411
2360 2411
2360 7678
7763 7678
7763 2497
7763 2503
2371 2503
2396 2503
2396 7669
7747 7669
7746 7669
7746 2505
7746 2510
7648 2510
7648 2594
7611 2594
7611 7544
7643 7544
7643 7547
2399 7547
2399 2514
2517 2514
2517 2637
2582 2637
2582 2654
7596 2654
7596 7512
7548 7512
7548 2638
7599 2638
7599 2719
2586 2719
2586 7509
2586 7493
7542 7493
7538 7493
7538 7403
7458 7403
7458 7390
2631 7390
2631 7469
2602 7469
2602 2721
2676 2721
2676 2821
7417 2821
7417 7370
7406 7370
7406 7327
7388 7327
7388 2882
2758 2882
2758 2869
7468 2869
7468 2754
7468 2828
2684 2828
2710 2828
2710 7368
2710 7301
2791 7301
2791 2876
7394 2876
7394 2904
2793 2904
2793 7265
2793 7262
7376 7262
7343 7262
7343 2909
7343 2994
7336 2994
7336 7258
7341 7258
7297 7258
7297 2997
2823 2997
2832 2997
2832 7206
2832 7200
7293 7200
7289 7200
7289 3040
2843 3040
2885 3040
2885 7196
7285 7196
7224 7196
7224 3052
7224 3053
2886 3053
2934 3053
2934 3118
7203 3118
7203 7129
7198 7129
7198 3153
2959 3153
2967 3153
2967 7101
7194 7101
7181 7101
7181 3160
7181 3162
2968 3162
2990 3162
2990 3204
3014 3204
3014 7020
7163 7020
7163 3185
7163 3207
7131 3207
7131 7032
2997 7032
2997 7008
7130 7008
7130 3216
7130 3225
7094 3225
7094 6976
3040 6976
3040 7006
3040 6890
3173 6890
3173 3258
7093 3258
7093 3285
7068 3285
7068 3309
3211 3309
3216 3309
3216 6877
3216 6852
3282 6852
3282 6839
6986 6839
6986 3426
7036 3426
7036 3390
7036 3394
3221 3394
3317 3394
3317 3454
3357 3454
3357 6823
7014 6823
7014 6847
6951 6847
6951 6793
6911 6793
6911 3492
3483 3492
3483 6817
3386 6817
3386 3462
3459 3462
3459 3514
3528 3514
3528 6677
6879 6677
6879 6696
3515 6696
3515 6656
3587 6656
3587 6603
6819 6603
6819 3616
6845 3616
6845 6654
6798 6654
6798 3612
3571 3612
3571 3546
6948 3546
6948 3472
6948 3649
3606 3649
3606 6600
3606 6572
6795 6572
6779 6572
6779 6558
3640 6558
3640 6567
3640 6551
6773 6551
6773 3656
6773 3687
6658 3687
6658 6523
3699 6523
3699 6512
6627 6512
6627 3702
6656 3702
6656 3719
3736 3719
3743 3719
3743 6472
3743 6471
6619 6471
6572 6471
6572 3728
3744 3728
3754 3728
3754 6467
3754 6457
3770 6457
3770 6443
6542 6443
6542 6453
6495 6453
6495 6424
3775 6424
3775 3779
6546 3779
6546 3819
3758 3819
3758 3736
3843 3736
3843 6419
3843 6415
6454 6415
6454 3841
6454 3886
6442 3886
6442 6358
6439 6358
6439 6330
3882 6330
3882 3891
6434 3891
6434 3921
6385 3921
6385 3964
3923 3964
3923 6350
3867 6350
3867 6271
6339 6271
6339 3956
3919 3956
3919 3927
3950 3927
3950 6264
6328 6264
6321 6264
6321 3973
6321 4001
6256 4001
6256 4104
6243 4104
6243 6221
6289 6221
6289 6250
6229 6250
6229 6127
4050 6127
4050 4111
6224 4111
6224 4120
6202 4120
6202 6182
4007 6182
4007 6229
3985 6229
3985 4007
4120 4007
4120 4149
6193 4149
6193 4154
6129 4154
6129 6056
6157 6056
6157 6058
4126 6058
4126 6088
4126 5983
4157 5983
4157 4181
6125 4181
6125 4172
6125 4174
4146 4174
4181 4174
4181 5934
4181 5932
6065 5932
6063 5932
6063 4190
6063 4212
4194 4212
4271 4212
4271 4233
4294 4233
4294 5788
6011 5788
6011 5830
6045 5830
6045 5848
6012 5848
6012 4213
6049 4213
6049 4277
5963 4277
5963 4334
4330 4334
4330 5765
5962 5765
5962 5768
4276 5768
4276 5837
4276 5738
4385 5738
4385 4338
5945 4338
5945 4367
5929 4367
5929 5725
5908 5725
5908 5654
4414 5654
4414 5723
4411 5723
4411 4378
4423 4378
4423 4422
5870 4422
5870 4426
4433 4426
4433 5635
4433 5591
4508 5591
4508 4449
4482 4449
4552 4449
4552 5572
5834 5572
5834 5590
5827 5590
5827 4485
5827 4497
5797 4497
5797 4524
5777 4524
5777 4553
4598 4553
4598 5434
5795 5434
5795 5524
4569 5524
4569 5493
4588 5493
4588 4525
4626 4525
4626 5348
5741 5348
5741 5563
5819 5563
5745 5563
5745 4558
5745 4595
5643 4595
5643 5302
5640 5302
5640 4601
4634 4601
4658 4601
4658 5296
4658 5274
5631 5274
5631 4650
5631 4655
4659 4655
4669 4655
4669 4680
5620 4680
5620 4661
5620 4686
4688 4686
4850 4686
4850 5265
5614 5265
5603 5265
5603 5246
5543 5246
5543 4738
4887 4738
4887 4709
4857 4709
4884 4709
4884 5245
4884 5204
5541 5204
5522 5204
5522 4781
4997 4781
4998 4781
4998 5193
4998 5176
5468 5176
5461 5176
5461 4795
5461 4797
5014 4797
5037 4797
5037 5166
5431 5166
5430 5166
5430 4808
5430 4817
5041 4817
5044 4817
5044 5153
5044 5135
5104 5135
5104 4819
5385 4819
5385 4851
5323 4851
5323 4879
5128 4879
5128 5085
5351 5085
5351 5130
5320 5130
5320 5022
5163 5022
5163 4880
5311 4880
5311 4895
5289 4895
5289 4907
5221 4907
5221 4997
5214 4997
5214 4955
5272 4955
5272 4931
5309 4931
5309 4998
