5019
0 0
7 0
7 23754
13751 23754
13751 6309
6613 6309
6613 3028
15701 3028
15701 13728
16082 13728
16082 517
21380 517
21380 11248
24452 11248
24452 6755
13739 6755
13739 17128
18551 17128
18551 24564
12741 24564
12741 3802
1873 3802
1873 14821
18016 14821
18016 10410
23691 10410
23691 24330
654 24330
654 22068
21972 22068
21972 6016
9182 6016
9182 12613
12670 12613
12670 6025
10648 6025
10648 17694
13272 17694
13272 10539
13515 10539
13515 17894
2217 17894
2217 13571
21838 13571
21838 6848
7711 6848
7711 24706
20676 24706
20676 1027
10314 1027
10314 5885
12700 5885
12700 12204
17682 12204
17682 9283
14 9283
14 9282
12960 9282
12960 20416
5004 20416
5004 4019
11906 4019
11906 17164
10782 17164
10782 11314
24473 11314
24473 1706
16098 1706
16098 9332
11286 9332
11286 14
9470 14
9470 6534
3761 6534
3761 15994
8159 15994
8159 543
6940 543
6940 12571
3276 12571
3276 24818
14252 24818
14252 9169
4541 9169
4541 5838
20786 5838
20786 14601
110 14601
110 22793
11967 22793
11967 1285
22198 1285
22198 6664
11130 6664
11130 2871
2380 2871
2380 10756
20769 10756
20769 10981
15080 10981
15080 10033
22560 10033
22560 2492
19030 2492
19030 23611
6922 23611
6922 2500
11142 2500
11142 24114
5276 24114
5276 18785
3821 18785
3821 13951
18211 13951
18211 8947
8834 8947
8834 24886
14574 24886
14574 5342
9452 5342
9452 8022
21317 8022
21317 2765
15838 2765
15838 3921
10221 3921
10221 1856
12377 1856
12377 5460
18677 5460
18677 3290
22140 3290
22140 3669
17948 3669
17948 2809
8146 2809
8146 3326
9758 3326
9758 12467
21015 12467
21015 16473
12378 16473
12378 12706
7164 12706
7164 14387
2273 14387
2273 10829
13598 10829
13598 7727
16057 7727
16057 16398
4412 16398
4412 23572
13199 23572
13199 15163
13836 15163
13836 10176
4278 10176
4278 2430
14532 2430
14532 5304
18100 5304
18100 14942
16835 14942
16835 4115
15017 4115
15017 22082
11545 22082
11545 21104
24302 21104
24302 21945
11705 21945
11705 24505
13612 24505
13612 22576
23660 22576
23660 3600
20633 3600
20633 11442
12622 11442
12622 14056
3988 14056
3988 14464
19531 14464
19531 19894
17401 19894
17401 3130
12567 3130
12567 12015
18153 12015
18153 24729
16591 24729
16591 17067
17120 17067
17120 7120
13246 7120
13246 18592
12076 18592
12076 9376
1332 9376
1332 15185
810 15185
810 22226
8717 22226
8717 7023
18809 7023
18809 7543
5980 7543
5980 21715
2593 21715
2593 11784
22462 11784
22462 24780
18399 24780
18399 8900
12149 8900
12149 20644
17281 20644
17281 9801
13052 9801
13052 7895
23323 7895
23323 23808
15742 23808
15742 10318
19361 10318
19361 22309
11876 22309
11876 19951
23144 19951
23144 18317
23222 18317
23222 13870
5142 13870
5142 16916
11770 16916
11770 36
13831 36
13831 20339
8236 20339
8236 782
12014 782
12014 4685
1736 4685
1736 3587
5059 3587
5059 7634
5026 7634
5026 22801
13828 22801
13828 7069
22515 7069
22515 24845
8376 24845
8376 3761
20062 3761
20062 10962
24096 10962
24096 19333
506 19333
506 12070
16480 12070
16480 22829
10867 22829
10867 10219
10030 10219
10030 6581
21964 6581
21964 5469
24067 5469
24067 20507
13817 20507
13817 13968
2542 13968
2542 15549
4319 15549
4319 20277
2510 20277
2510 8546
17776 8546
17776 13994
10934 13994
10934 18700
14164 18700
14164 8392
4174 8392
4174 12749
22861 12749
22861 1655
208 1655
208 1435
24040 1435
24040 12449
19261 12449
19261 21308
9959 21308
9959 16581
1917 16581
1917 3995
11481 3995
11481 7532
1097 7532
1097 2539
18219 2539
18219 10569
3441 10569
3441 5078
11464 5078
11464 6327
6487 6327
6487 15221
2945 15221
2945 16663
5781 16663
5781 4209
2901 4209
2901 13077
11732 13077
11732 23948
10944 23948
10944 24383
16975 24383
16975 1037
9093 1037
9093 14908
20848 14908
20848 17539
1612 17539
1612 5094
1811 5094
1811 1162
4957 1162
4957 6090
6261 6090
6261 13976
15343 13976
15343 14584
10369 14584
10369 13681
19292 13681
19292 2282
23455 2282
23455 11313
4882 11313
4882 638
4160 638
4160 1542
21184 1542
21184 7774
16135 7774
16135 8415
3553 8415
3553 2111
9774 2111
9774 14044
1734 14044
1734 14574
3513 14574
3513 12403
19768 12403
19768 24136
5408 24136
5408 16080
18680 16080
18680 18421
22886 18421
22886 9886
24792 9886
24792 14607
20331 14607
20331 5231
6327 5231
6327 19885
9728 19885
9728 22687
11309 22687
11309 1723
7200 1723
7200 6147
5869 6147
5869 7520
622 7520
622 11690
17569 11690
17569 17462
19908 17462
19908 12929
19392 12929
19392 23951
20831 23951
20831 17473
17513 17473
17513 7617
1234 7617
1234 156
2888 156
2888 21450
22406 21450
22406 868
23493 868
23493 7419
18434 7419
18434 21433
829 21433
829 14356
13445 14356
13445 6686
13213 6686
13213 5246
1222 5246
1222 9926
12527 9926
12527 10689
14453 10689
14453 2952
13305 2952
13305 9497
13346 9497
13346 18981
9189 18981
9189 104
19410 104
19410 15016
20555 15016
20555 3744
18756 3744
18756 10013
5755 10013
5755 16178
13015 16178
13015 18225
532 18225
532 9917
7102 9917
7102 11302
20861 11302
20861 14560
3137 14560
3137 20739
23895 20739
23895 10295
10391 10295
10391 17374
24652 17374
24652 7280
14482 7280
14482 1061
6102 1061
6102 4370
10995 4370
10995 22217
14904 22217
14904 23173
12743 23173
12743 24819
5316 24819
5316 19540
18484 19540
18484 14241
18747 14241
18747 8087
20640 8087
20640 15383
18355 15383
18355 9237
10557 9237
10557 8134
23379 8134
23379 2008
17360 2008
17360 2601
8309 2601
8309 7829
18988 7829
18988 12076
20215 12076
20215 1890
19138 1890
19138 4972
8889 4972
8889 15351
14302 15351
14302 19126
9967 19126
9967 10768
24319 10768
24319 23350
24404 23350
24404 23649
7355 23649
7355 5704
6031 5704
6031 12912
15251 12912
15251 19223
18035 19223
18035 2753
19868 2753
19868 11871
1893 11871
1893 15324
21539 15324
21539 19524
14017 19524
14017 21950
3258 21950
3258 22134
20607 22134
20607 11948
14041 11948
14041 2202
9108 2202
9108 11058
19001 11058
19001 17847
22561 17847
22561 19640
18944 19640
18944 3225
18046 3225
18046 3796
9008 3796
9008 24878
2210 24878
2210 6243
9236 6243
9236 2994
3069 2994
3069 9013
4247 9013
4247 8696
19090 8696
19090 7471
10565 7471
10565 6472
16693 6472
16693 23851
3371 23851
3371 2722
17832 2722
17832 19419
17912 19419
17912 7363
5271 7363
5271 15872
22051 15872
22051 18200
8203 18200
8203 16804
2412 16804
2412 17140
13304 17140
13304 8438
3919 8438
3919 13539
22804 13539
22804 5397
21226 5397
21226 2368
10671 2368
10671 16161
19915 16161
19915 20529
17484 20529
17484 13860
12005 13860
12005 3427
21150 3427
21150 12750
4118 12750
4118 21692
13771 21692
13771 11858
5877 11858
5877 20595
16256 20595
16256 17848
9057 17848
9057 20201
10710 20201
10710 15924
8921 15924
8921 17875
7343 17875
7343 22126
13040 22126
13040 15722
7393 15722
7393 2181
19462 2181
19462 12524
2721 12524
2721 21115
3112 21115
3112 24800
21427 24800
21427 3436
24007 3436
24007 8312
17395 8312
17395 12834
13051 12834
13051 18416
18364 18416
18364 10894
13165 10894
13165 1523
7750 1523
7750 7762
11313 7762
11313 2328
6808 2328
6808 19356
1819 19356
1819 19919
6528 19919
6528 22036
8073 22036
8073 13142
17317 13142
17317 6277
1142 6277
1142 1347
17661 1347
17661 21913
11444 21913
11444 10041
11327 10041
11327 20626
2446 20626
2446 5212
3420 5212
3420 11426
22339 11426
22339 4658
21751 4658
21751 20117
5100 20117
5100 16997
21886 16997
21886 1252
1519 1252
1519 2580
8935 2580
8935 19173
9553 19173
9553 24424
15982 24424
15982 2213
8136 2213
8136 18629
7611 18629
7611 21884
1512 21884
1512 17066
18388 17066
18388 12132
10527 12132
10527 8328
24125 8328
24125 2653
24428 2653
24428 24970
21341 24970
21341 12620
21355 12620
21355 20613
16953 20613
16953 11278
17003 11278
17003 11476
2108 11476
2108 9697
7620 9697
7620 11013
11872 11013
11872 17040
24665 17040
24665 6763
16584 6763
16584 5583
1999 5583
1999 18185
19098 18185
19098 7646
18857 7646
18857 21005
10058 21005
10058 21042
15895 21042
15895 1220
17270 1220
17270 3626
2531 3626
2531 11104
4277 11104
4277 10806
12068 10806
12068 4097
22344 4097
22344 12971
10174 12971
10174 23368
22313 23368
22313 10110
21121 10110
21121 17055
11098 17055
11098 1722
116 1722
116 20682
24591 20682
24591 7464
12233 7464
12233 15528
666 15528
666 5980
11044 5980
11044 22905
7262 22905
7262 24249
863 24249
863 12807
21845 12807
21845 488
24395 488
24395 8150
7223 8150
7223 3862
21013 3862
21013 13176
13075 13176
13075 3965
1236 3965
1236 4746
10023 4746
10023 16505
11335 16505
11335 13216
4914 13216
4914 10891
3046 10891
3046 21373
748 21373
748 6339
14078 6339
14078 1082
23355 1082
23355 17541
21591 17541
21591 21529
9170 21529
9170 9305
22126 9305
22126 5932
22113 5932
22113 14815
13663 14815
13663 15141
6227 15141
6227 3569
5508 3569
5508 22201
3076 22201
3076 14555
7903 14555
7903 19391
20929 19391
20929 21937
11423 21937
11423 12246
9362 12246
9362 6576
11179 6576
11179 22456
612 22456
612 21772
20387 21772
20387 102
8160 102
8160 21855
11316 21855
11316 16025
6699 16025
6699 20746
24169 20746
24169 17865
20855 17865
20855 8075
20341 8075
20341 19442
11349 19442
11349 766
15901 766
15901 17231
13623 17231
13623 15776
16792 15776
16792 5681
19655 5681
19655 11360
7428 11360
7428 8402
12326 8402
12326 24832
19963 24832
19963 3498
14400 3498
14400 13057
8427 13057
8427 17465
14248 17465
14248 20275
5922 20275
5922 17624
15736 17624
15736 16383
2928 16383
2928 23701
2233 23701
2233 4645
16857 4645
16857 9370
8011 9370
8011 17623
6602 17623
6602 2199
9880 2199
9880 24691
12265 24691
12265 15253
16695 15253
16695 17855
16528 17855
16528 2278
9927 2278
9927 22557
17944 22557
17944 5559
9822 5559
9822 1152
9654 1152
9654 20547
3242 20547
3242 21376
10940 21376
10940 10839
24381 10839
24381 9664
3886 9664
3886 20493
3904 20493
3904 23880
2640 23880
2640 2448
16124 2448
16124 2189
2756 2189
2756 24467
20424 24467
20424 15695
16865 15695
16865 16111
20917 16111
20917 14179
10094 14179
10094 16802
5834 16802
5834 23044
5157 23044
5157 17261
989 17261
989 1492
19278 1492
19278 3984
16754 3984
16754 7051
22241 7051
22241 4894
11678 4894
11678 10131
376 10131
376 22181
9785 22181
9785 24051
23787 24051
23787 18845
4104 18845
4104 15088
16933 15088
16933 24238
14817 24238
14817 1417
13868 1417
13868 24575
6189 24575
6189 1129
9318 1129
9318 3707
5288 3707
5288 11099
141 11099
141 21771
22086 21771
22086 14211
198 14211
198 4568
8618 4568
8618 7693
15005 7693
15005 3483
20378 3483
20378 11992
1697 11992
1697 17861
22965 17861
22965 12885
13728 12885
13728 3399
15235 3399
15235 11972
11482 11972
11482 20989
23349 20989
23349 9107
6415 9107
6415 2405
14083 2405
14083 19189
12693 19189
12693 769
5401 769
5401 9151
20127 9151
20127 20471
4419 20471
4419 2442
16644 2442
16644 15894
7666 15894
7666 18935
21420 18935
21420 9904
11918 9904
11918 10361
632 10361
632 3662
19480 3662
19480 18248
22161 18248
22161 20085
24216 20085
24216 21857
22761 21857
22761 22323
22867 22323
22867 5501
6703 5501
6703 12643
20892 12643
20892 22065
19106 22065
19106 1384
15876 1384
15876 18607
3121 18607
3121 23010
5683 23010
5683 10304
10603 10304
10603 455
23867 455
23867 7535
23836 7535
23836 2886
234 2886
234 6726
5357 6726
5357 572
8522 572
8522 151
8851 151
8851 11259
18836 11259
18836 5310
9625 5310
9625 12977
1901 12977
1901 10374
13790 10374
13790 23621
19115 23621
19115 21451
19073 21451
19073 9813
19160 9813
19160 8097
19323 8097
19323 18447
1688 18447
1688 22163
21450 22163
21450 9791
10356 9791
10356 10815
22956 10815
22956 5739
12249 5739
12249 7036
16942 7036
16942 18737
18275 18737
18275 21245
12829 21245
12829 17655
7797 17655
7797 6627
23903 6627
23903 19035
23273 19035
23273 9247
21038 9247
21038 7211
2644 7211
2644 16214
19759 16214
19759 1332
8347 1332
8347 9194
17974 9194
17974 13323
3820 13323
3820 790
14608 790
14608 20523
2350 20523
2350 2542
19116 2542
19116 4285
24277 4285
24277 7636
8988 7636
8988 17642
18497 17642
18497 21524
15665 21524
15665 261
2176 261
2176 17381
2909 17381
2909 19264
18554 19264
18554 24014
7702 24014
7702 24401
6454 24401
6454 18659
19131 18659
19131 13285
15699 13285
15699 19021
7569 19021
7569 16164
1139 16164
1139 16813
13408 16813
13408 3937
9530 3937
9530 17616
4399 17616
4399 9687
13974 9687
13974 14536
553 14536
553 10584
16000 10584
16000 704
6887 704
6887 16708
20266 16708
20266 20556
8703 20556
8703 24362
18301 24362
18301 19623
15696 19623
15696 21586
6163 21586
6163 18049
23190 18049
23190 12279
9984 12279
9984 19529
4508 19529
4508 11769
22058 11769
22058 23182
18920 23182
18920 5714
3059 5714
3059 11173
7949 11173
7949 14102
7354 14102
7354 952
15461 952
15461 23667
10813 23667
10813 11083
13534 11083
13534 17696
15506 17696
15506 12777
19619 12777
19619 10699
10200 10699
10200 9738
14372 9738
14372 8468
73 8468
73 4287
5912 4287
5912 4820
12412 4820
12412 24196
17260 24196
17260 12383
11426 12383
11426 10097
17935 10097
17935 22617
10425 22617
10425 127
6747 127
6747 19462
246 19462
246 23484
20289 23484
20289 253
16242 253
16242 16748
5784 16748
5784 3338
12200 3338
12200 11598
41 11598
41 15408
5996 15408
5996 12277
1769 12277
1769 14355
8086 14355
8086 5112
12721 5112
12721 12043
6140 12043
6140 6934
15674 6934
15674 4584
12113 4584
12113 23216
5365 23216
5365 19050
21158 19050
21158 3683
20367 3683
20367 17487
5131 17487
5131 3753
20628 3753
20628 19149
4623 19149
4623 2929
3817 2929
3817 10403
19594 10403
19594 5716
6060 5716
6060 22477
15869 22477
15869 20711
1301 20711
1301 6048
7076 6048
7076 7726
9018 7726
9018 16612
24211 16612
24211 16837
11498 16837
11498 18631
18391 18631
18391 20621
6533 20621
6533 24921
3848 24921
3848 7927
14969 7927
14969 6571
11440 6571
11440 6256
3679 6256
3679 11540
9168 11540
9168 24987
231 24987
231 13275
12903 13275
12903 11017
21633 11017
21633 18740
12080 18740
12080 9054
7183 9054
7183 5375
424 5375
424 140
11537 140
11537 3554
3759 3554
3759 9458
5485 9458
5485 13879
3396 13879
3396 3090
2820 3090
2820 13919
11221 13919
11221 14952
6779 14952
6779 17766
6249 17766
6249 16599
2408 16599
2408 21489
582 21489
582 333
9508 333
9508 15537
23898 15537
23898 12056
17080 12056
17080 17882
1393 17882
1393 17292
5262 17292
5262 11698
21075 11698
21075 12596
9115 12596
9115 6788
5052 6788
5052 1780
1413 1780
1413 22415
14611 22415
14611 4340
138 4340
138 6714
7253 6714
7253 17633
12805 17633
12805 17808
13096 17808
13096 134
16075 134
16075 8688
24129 8688
24129 13721
4045 13721
4045 6382
16984 6382
16984 6076
13940 6076
13940 15046
24855 15046
24855 672
16487 672
16487 21702
9761 21702
9761 23706
18194 23706
18194 246
12107 246
12107 22140
5113 22140
5113 7698
23979 7698
23979 10777
21608 10777
21608 19970
3550 19970
3550 17304
16095 17304
16095 11495
5999 11495
5999 24761
19686 24761
19686 1275
9815 1275
9815 21304
7093 21304
7093 11261
17200 11261
17200 23012
8584 23012
8584 19496
23814 19496
23814 22271
12072 22271
12072 6046
6207 6046
6207 20313
24971 20313
24971 24807
3873 24807
3873 2525
23357 2525
23357 14711
19884 14711
19884 24512
12280 24512
12280 18141
3310 18141
3310 17065
14648 17065
14648 23406
515 23406
515 13098
15229 13098
15229 3
7559 3
7559 10803
3184 10803
3184 20606
14421 20606
14421 5879
2760 5879
2760 8400
13554 8400
13554 13582
6435 13582
6435 6520
22088 6520
22088 4805
24104 4805
24104 15680
9651 15680
9651 4092
19639 4092
19639 9863
974 9863
974 17814
13218 17814
13218 12197
8857 12197
8857 10063
12645 10063
12645 10785
17165 10785
17165 5592
3251 5592
3251 23632
10131 23632
10131 13563
7273 13563
7273 8972
16811 8972
16811 18962
10620 18962
10620 20696
21262 20696
21262 10364
21307 10364
21307 20890
134 20890
134 273
18512 273
18512 6739
13231 6739
13231 11079
23113 11079
23113 18299
20146 18299
20146 22289
2623 22289
2623 22955
16895 22955
16895 7659
14656 7659
14656 7294
10731 7294
10731 17916
11177 17916
11177 10175
3130 10175
3130 10074
579 10074
579 4776
7881 4776
7881 19732
7977 19732
7977 23991
17193 23991
17193 19566
8678 19566
8678 23244
5161 23244
5161 12096
1865 12096
1865 11638
11840 11638
11840 7083
8097 7083
8097 22278
3003 22278
3003 4990
8628 4990
8628 18971
8649 18971
8649 16300
21332 16300
21332 12957
23092 12957
23092 11903
11109 11903
11109 15468
16766 15468
16766 9402
10133 9402
10133 19465
1836 19465
1836 914
4757 914
4757 18313
16606 18313
16606 1867
1934 1867
1934 16669
16579 16669
16579 23495
14515 23495
14515 9643
21679 9643
21679 5316
868 5316
868 16490
1696 16490
1696 10596
8113 10596
8113 11609
9829 11609
9829 18378
20433 18378
20433 22908
2170 22908
2170 5324
12823 5324
12823 12918
17209 12918
17209 23720
14806 23720
14806 16303
4189 16303
4189 1748
21534 1748
21534 10153
23632 10153
23632 11356
5830 11356
5830 21285
15298 21285
15298 11462
12536 11462
12536 12431
3582 12431
3582 11926
8180 11926
8180 1500
18133 1500
18133 22910
24481 22910
24481 5602
23974 5602
23974 18353
8249 18353
8249 10696
2057 10696
2057 4481
775 4481
775 9775
13447 9775
13447 18132
22434 18132
22434 24404
16523 24404
16523 25
23792 25
23792 14523
7673 14523
7673 18193
7530 18193
7530 7588
15013 7588
15013 13823
12774 13823
12774 19011
11342 19011
11342 18762
3634 18762
3634 17496
7524 17496
7524 18090
2671 18090
2671 16884
24809 16884
24809 21500
23647 21500
23647 15815
23162 15815
23162 21906
21384 21906
21384 17770
23457 17770
23457 21889
3160 21889
3160 8434
10258 8434
10258 618
12913 618
12913 16730
15518 16730
15518 1650
24781 1650
24781 22505
4982 22505
4982 6389
7542 6389
7542 18460
1284 18460
1284 11768
6368 11768
6368 24609
12732 24609
12732 23724
17047 23724
17047 2057
15248 2057
15248 17777
639 17777
639 23460
11697 23460
11697 23058
24290 23058
24290 7978
14145 7978
14145 7205
1536 7205
1536 24771
20866 24771
20866 4630
4731 4630
4731 24448
5290 24448
5290 19848
15889 19848
15889 419
13493 419
13493 17983
12044 17983
12044 28
12049 28
12049 21643
5964 21643
5964 19214
826 19214
826 18841
18636 18841
18636 24454
21760 24454
21760 7603
17749 7603
17749 4375
1630 4375
1630 444
967 444
967 19648
5254 19648
5254 2586
23580 2586
23580 18323
19470 18323
19470 14364
18083 14364
18083 7271
6511 7271
6511 9166
17524 9166
17524 19487
23710 19487
23710 19583
4642 19583
4642 15573
12359 15573
12359 9133
3359 9133
3359 4165
13839 4165
13839 1839
12270 1839
12270 2346
3196 2346
3196 1460
3628 1460
3628 20677
3495 20677
3495 884
20467 884
20467 16970
20365 16970
20365 97
24346 97
24346 9070
2919 9070
2919 11725
983 11725
983 5374
717 5374
717 6236
2994 6236
2994 21671
16961 21671
16961 15957
5654 15957
5654 11826
3327 11826
3327 19979
18454 19979
18454 21661
17272 21661
17272 13921
9436 13921
9436 13545
22518 13545
22518 7942
1184 7942
1184 21635
20106 21635
20106 24368
20198 24368
20198 21930
21668 21930
21668 22432
7391 22432
7391 7981
919 7981
919 1961
2223 1961
2223 14314
5068 14314
5068 15636
2911 15636
2911 10457
344 10457
344 3986
14683 3986
14683 15640
17694 15640
17694 4036
23938 4036
23938 9099
6897 9099
6897 8868
13727 8868
13727 22528
18026 22528
18026 18808
7261 18808
7261 20622
1048 20622
1048 21740
11579 21740
11579 13188
9281 13188
9281 1852
2564 1852
2564 8106
19295 8106
19295 9255
20205 9255
20205 1023
22127 1023
22127 8743
16408 8743
16408 6237
18154 6237
18154 5863
10682 5863
10682 3334
8116 3334
8116 15803
14925 15803
14925 14991
25 14991
25 9322
15414 9322
15414 15354
5564 15354
5564 9871
17921 9871
17921 31
17924 31
17924 21597
19146 21597
19146 24054
10501 24054
10501 8789
15947 8789
15947 438
9408 438
9408 1388
14454 1388
14454 7560
6479 7560
6479 23077
20520 23077
20520 12425
15687 12425
15687 3304
14254 3304
14254 18002
17774 18002
17774 10670
12344 10670
12344 11742
105 11742
105 20257
11265 20257
11265 8081
14235 8081
14235 19947
15281 19947
15281 7106
4697 7106
4697 1765
17846 1765
17846 6746
17552 6746
17552 16135
6906 16135
6906 5493
17794 5493
17794 10740
18779 10740
18779 24229
16543 24229
16543 8294
16737 8294
16737 11053
19947 11053
19947 9349
6929 9349
6929 12580
17877 12580
17877 9770
17655 9770
17655 2380
313 2380
313 20434
5239 20434
5239 2483
17710 2483
17710 10070
9741 10070
9741 11891
6628 11891
6628 5659
9106 5659
9106 23263
20957 23263
20957 13121
627 13121
627 14067
2634 14067
2634 17961
923 17961
923 1907
21547 1907
21547 23442
23382 23442
23382 1805
12587 1805
12587 6805
8746 6805
8746 12272
20144 12272
20144 702
4910 702
4910 15298
2551 15298
2551 21614
21297 21614
21297 21609
17049 21609
17049 24623
10865 24623
10865 12672
12183 12672
12183 1670
207 1670
207 4692
8217 4692
8217 20935
14177 20935
14177 9433
12071 9433
12071 21255
6314 21255
6314 16293
12828 16293
12828 14680
7456 14680
7456 19654
15614 19654
15614 3819
16564 3819
16564 5657
5741 5657
5741 13161
8944 13161
8944 11381
4003 11381
4003 21045
908 21045
908 21012
360 21012
360 7213
14167 7213
14167 16864
19564 16864
19564 19269
11348 19269
11348 14089
10577 14089
10577 1070
9335 1070
9335 18690
6020 18690
6020 4836
4297 4836
4297 14473
22089 14473
22089 965
5345 965
5345 427
21843 427
21843 7991
3154 7991
3154 13936
18258 13936
18258 9703
10442 9703
10442 14785
18271 14785
18271 9186
6598 9186
6598 4906
4903 4906
4903 8771
8822 8771
8822 19248
10663 19248
10663 19351
2318 19351
2318 15069
12336 15069
12336 8494
21851 8494
21851 1568
23414 1568
23414 23997
17157 23997
17157 22523
21167 22523
21167 6155
24356 6155
24356 15949
4714 15949
4714 409
8263 409
8263 3839
15303 3839
15303 22668
4499 22668
4499 2076
18940 2076
18940 1544
15913 1544
15913 5337
13178 5337
13178 1507
19996 1507
19996 23779
2689 23779
2689 12483
939 12483
939 17331
16989 17331
16989 5870
21526 5870
21526 24460
8009 24460
8009 19084
21445 19084
21445 6443
6500 6443
6500 6541
13859 6541
13859 8841
2664 8841
2664 2917
5318 2917
5318 19757
21442 19757
21442 21339
20759 21339
20759 22834
7623 22834
7623 16525
21404 16525
21404 8993
261 8993
261 23315
10860 23315
10860 14435
6278 14435
6278 22392
7768 22392
7768 8753
10274 8753
10274 23292
15669 23292
15669 11880
22848 11880
22848 12830
793 12830
793 18843
18628 18843
18628 24065
3135 24065
3135 22334
4771 22334
4771 10724
3491 10724
3491 21121
19024 21121
19024 17122
2688 17122
2688 5588
22398 5588
22398 22544
16416 22544
16416 12677
21594 12677
21594 20586
8552 20586
8552 465
17099 465
17099 8885
21722 8885
21722 3724
6721 3724
6721 21232
5018 21232
5018 24650
17605 24650
17605 9575
4577 9575
4577 6550
14249 6550
14249 22999
1374 22999
1374 23247
7399 23247
7399 2785
13104 2785
13104 12798
1510 12798
1510 21020
20427 21020
20427 11060
2138 11060
2138 14029
12229 14029
12229 17618
3892 17618
3892 7089
6247 7089
6247 727
6671 727
6671 18441
6340 18441
6340 17673
14033 17673
14033 6252
8985 6252
8985 6730
7581 6730
7581 22164
5343 22164
5343 16551
11383 16551
11383 9866
4248 9866
4248 281
16519 281
16519 7883
2249 7883
2249 11434
24458 11434
24458 4555
8398 4555
8398 10231
14880 10231
14880 11321
5612 11321
5612 16657
3260 16657
3260 4761
661 4761
661 8017
6002 8017
6002 1911
18418 1911
18418 10861
14555 10861
14555 16650
9222 16650
9222 7585
10807 7585
10807 3826
7241 3826
7241 15678
6404 15678
6404 10233
16377 10233
16377 23931
13888 23931
13888 723
16554 723
16554 6119
24945 6119
24945 15453
6321 15453
6321 6769
23949 6769
23949 14762
22209 14762
22209 20285
22677 20285
22677 17940
970 17940
970 15743
3007 15743
3007 4979
15141 4979
15141 23175
24963 23175
24963 18901
13913 18901
13913 10107
10080 10107
10080 8055
14102 8055
14102 6302
18882 6302
18882 2089
23370 2089
23370 3950
3598 3950
3598 12315
11513 12315
11513 4890
8459 4890
8459 17165
12791 17165
12791 895
9447 895
9447 11588
5937 11588
5937 2474
15468 2474
15468 12826
10386 12826
10386 13880
15204 13880
15204 17058
6765 17058
6765 7008
22199 7008
22199 19379
17646 19379
17646 16477
12630 16477
12630 13340
8470 13340
8470 7128
11070 7128
11070 17233
22827 17233
22827 14723
2804 14723
2804 23558
9177 23558
9177 9022
7324 9022
7324 325
14729 325
14729 3860
4738 3860
4738 3331
16186 3331
16186 193
10719 193
10719 10275
14184 10275
14184 7075
4986 7075
4986 6514
7835 6514
7835 18394
24686 18394
24686 12044
5516 12044
5516 7434
5243 7434
5243 943
19053 943
19053 24494
21904 24494
21904 1144
14721 1144
14721 22297
13164 22297
13164 7775
19193 7775
19193 17359
5702 17359
5702 13035
20385 13035
20385 14974
391 14974
391 15603
4100 15603
4100 23019
6175 23019
6175 15521
3229 15521
3229 4258
8257 4258
8257 21051
8888 21051
8888 11002
21373 11002
21373 5976
2788 5976
2788 847
8446 847
8446 21556
1682 21556
1682 13398
9191 13398
9191 4076
6571 4076
6571 18094
6821 18094
6821 12414
1704 12414
1704 7048
3014 7048
3014 10532
7918 10532
7918 6013
6004 6013
6004 14259
5501 14259
5501 4707
14323 4707
14323 14195
17860 14195
17860 8952
19372 8952
19372 5030
18413 5030
18413 12332
23004 12332
23004 3472
19263 3472
19263 12653
9327 12653
9327 21880
22298 21880
22298 11286
11337 11286
11337 10071
5536 10071
5536 21470
20494 21470
20494 8850
374 8850
374 5472
12726 5472
12726 16084
10926 16084
10926 15851
16924 15851
16924 3011
7846 3011
7846 11032
1453 11032
1453 13384
21410 13384
21410 4046
9139 4046
9139 12088
14348 12088
14348 24040
5602 24040
5602 8183
10617 8183
10617 20444
20043 20444
20043 24736
15638 24736
15638 15788
635 15788
635 11412
17154 11412
17154 8374
14814 8374
14814 15657
12019 15657
12019 20668
10229 20668
10229 16091
4391 16091
4391 11634
496 11634
496 3713
22019 3713
22019 900
18082 900
18082 5038
7339 5038
7339 10969
10505 10969
10505 10281
16326 10281
16326 10425
8742 10425
8742 7309
165 7309
165 350
11775 350
11775 8847
10363 8847
10363 20301
19344 20301
19344 2386
23817 2386
23817 3985
4811 3985
4811 7521
19668 7521
19668 20993
20999 20993
20999 22247
14005 22247
14005 8542
19701 8542
19701 24096
15944 24096
15944 1051
9041 1051
9041 8048
20435 8048
20435 4256
3878 4256
3878 24148
9075 24148
9075 12979
14544 12979
14544 4296
6506 4296
6506 13393
4929 13393
4929 21840
11912 21840
11912 17185
9493 17185
9493 4147
2899 4147
2899 2150
18544 2150
18544 9417
14390 9417
14390 1693
20597 1693
20597 5174
9129 5174
9129 14812
4368 14812
4368 14168
13138 14168
13138 22935
10309 22935
10309 14360
17713 14360
17713 5092
4059 5092
4059 11568
7857 11568
7857 1528
21983 1528
21983 15300
18838 15300
18838 20075
11926 20075
11926 20838
21617 20838
21617 2644
6618 2644
6618 14214
12562 14214
12562 16515
11633 16515
11633 16974
4132 16974
4132 13540
19389 13540
19389 8571
1966 8571
1966 19819
13297 19819
13297 9551
125 9551
125 2087
1276 2087
1276 24430
9609 24430
9609 11663
12275 11663
12275 8517
23717 8517
23717 21809
24752 21809
24752 23642
18572 23642
18572 9221
3344 9221
3344 17581
16507 17581
16507 3149
21928 3149
21928 5768
23556 5768
23556 18821
18668 18821
18668 23407
3054 23407
3054 14808
23712 14808
23712 8086
15037 8086
15037 8621
12419 8621
12419 7401
3528 7401
3528 1560
3255 1560
3255 10439
9889 10439
9889 1194
10332 1194
10332 23573
2578 23573
2578 8154
3430 8154
3430 17284
18533 17284
18533 20843
6386 20843
6386 5354
7843 5354
7843 14238
13630 14238
13630 584
22328 584
22328 22381
18825 22381
18825 17004
5208 17004
5208 17298
7418 17298
7418 1266
13411 1266
13411 17678
4529 17678
4529 12539
24293 12539
24293 24786
7148 24786
7148 10685
7716 10685
7716 21059
4268 21059
4268 7348
20295 7348
20295 23524
814 23524
814 17423
6911 17423
6911 1950
21624 1950
21624 6903
21744 6903
21744 17429
1964 17429
1964 6441
15515 6441
15515 3872
4515 3872
4515 24572
20292 24572
20292 8490
197 8490
197 10415
20448 10415
20448 22716
14340 22716
14340 24202
17718 24202
17718 3162
2403 3162
2403 18369
21110 18369
21110 13813
16261 13813
16261 10019
14945 10019
14945 779
3731 779
3731 20012
17501 20012
17501 15846
1791 15846
1791 13892
10347 13892
10347 17929
7295 17929
7295 2564
7967 2564
7967 18476
22562 18476
22562 8946
17014 8946
17014 2817
12146 2817
12146 12166
21134 12166
21134 3377
18916 3377
18916 1628
6269 1628
6269 13927
22248 13927
22248 1929
4949 1929
4949 1904
4613 1904
4613 16566
5718 16566
5718 8591
22170 8591
22170 4492
10536 4492
10536 9958
24700 9958
24700 24754
9924 24754
9924 22656
15521 22656
15521 13300
23233 13300
23233 1602
24795 1602
24795 567
9902 567
9902 13695
12417 13695
12417 19182
7859 19182
7859 11203
9892 11203
9892 19563
14689 19563
14689 11034
17037 11034
17037 616
6058 616
6058 2019
16482 2019
16482 6271
10458 6271
10458 10726
4295 10726
4295 11511
18769 11511
18769 9913
19504 9913
19504 7546
23396 7546
23396 2674
7036 2674
7036 13448
17930 13448
17930 21224
9992 21224
9992 18217
8817 18217
8817 20047
7257 20047
7257 23102
7001 23102
7001 3932
8475 3932
8475 19983
8612 19983
8612 118
20411 118
20411 16013
11385 16013
11385 16228
7018 16228
7018 4419
4439 4419
4439 11147
6566 11147
6566 16753
5459 16753
5459 15247
21089 15247
21089 23219
8339 23219
8339 24972
9947 24972
9947 10638
2306 10638
2306 15809
20807 15809
20807 6003
21282 6003
21282 23820
18245 23820
18245 561
2697 561
2697 18442
18278 18442
18278 804
1609 804
1609 1646
15931 1646
15931 20226
10415 20226
10415 23294
16917 23294
16917 8662
22737 8662
22737 23551
2370 23551
2370 21535
11533 21535
11533 15591
19949 15591
19949 23023
7231 23023
7231 24434
4342 24434
4342 20409
353 20409
353 10268
18648 10268
18648 10240
11878 10240
11878 15012
17206 15012
17206 12884
20530 12884
20530 6694
18473 6694
18473 20578
6797 20578
6797 1599
12585 1599
12585 11546
18604 11546
18604 10863
6936 10863
6936 6467
15273 6467
15273 17310
16228 17310
16228 18882
10765 18882
10765 9845
23983 9845
23983 9799
13185 9799
13185 20748
8582 20748
8582 12003
13148 12003
13148 4196
2852 4196
2852 18793
4462 18793
4462 828
14389 828
14389 16692
8477 16692
8477 15167
23707 15167
23707 8334
1079 8334
1079 19076
14309 19076
14309 11322
6056 11322
6056 1608
8813 1608
8813 13273
1659 13273
1659 13481
19880 13481
19880 13146
4110 13146
4110 23830
22666 23830
22666 15120
3678 15120
3678 6011
436 6011
436 1136
22487 1136
22487 8324
23153 8324
23153 24371
9045 24371
9045 5953
1785 5953
1785 4510
21804 4510
21804 6623
19719 6623
19719 6220
13401 6220
13401 20580
221 20580
221 19889
24438 19889
24438 9539
4389 9539
4389 7041
9358 7041
9358 20448
20120 20448
20120 24588
15114 24588
15114 13799
17438 13799
17438 19610
13674 19610
13674 7930
3728 7930
3728 8765
11274 8765
11274 5477
23434 5477
23434 5323
14114 5323
14114 11443
4533 11443
4533 21386
15193 21386
15193 4061
15583 4061
15583 3943
22213 3943
22213 10832
23214 10832
23214 24501
24517 24501
24517 949
13414 949
13414 16117
11011 16117
11011 16952
24313 16952
24313 23498
18487 23498
18487 17522
14131 17522
14131 10514
23039 10514
23039 2751
6371 2751
6371 20457
15830 20457
15830 13328
23829 13328
23829 1313
16511 1313
16511 4588
20832 4588
20832 2700
7742 2700
7742 1433
17061 1433
17061 15115
1627 15115
1627 17820
14431 17820
14431 2265
21511 2265
21511 12920
8132 12920
8132 16616
13685 16616
13685 5618
16343 5618
16343 2713
18557 2713
18557 16389
2829 16389
2829 24412
1861 24412
1861 14719
1448 14719
1448 23758
6677 23758
6677 8587
2463 8587
2463 13284
9087 13284
9087 14474
3914 14474
3914 9952
18231 9952
18231 15225
7143 15225
7143 7860
23485 7860
23485 19721
16294 19721
16294 3894
17299 3894
17299 16268
22719 16268
22719 5540
15788 5540
15788 11995
9834 11995
9834 21394
24539 21394
24539 6496
8602 6496
8602 16995
13117 16995
13117 9158
8982 9158
8982 14644
16902 14644
16902 7127
20580 7127
20580 17939
10246 17939
10246 10913
5030 10913
5030 408
23583 408
23583 18494
14187 18494
14187 9606
11955 9606
11955 6185
18018 6185
18018 22819
22679 22819
22679 13129
14787 13129
14787 18571
2523 18571
2523 19867
3970 19867
3970 16677
1126 16677
1126 5287
10398 5287
10398 13523
8125 13523
8125 6206
9690 6206
9690 7783
21429 7783
21429 14501
8088 14501
8088 4052
4037 4052
4037 12526
21827 12526
21827 21616
23211 21616
23211 23197
2975 23197
2975 4735
9702 4735
9702 8360
16795 8360
16795 4759
16405 4759
16405 17237
8380 17237
8380 1860
9229 1860
9229 2621
24884 2621
24884 7674
12686 7674
12686 11357
11664 11357
11664 2689
20045 2689
20045 21811
11992 21811
11992 18478
8860 18478
8860 4751
23603 4751
23603 6785
9258 6785
9258 12926
8537 12926
8537 24041
3144 24041
3144 16065
5801 16065
5801 15771
17430 15771
17430 9094
13734 9094
13734 10163
3126 10163
3126 313
21066 313
21066 17251
20032 17251
20032 19584
24709 19584
24709 8941
3378 8941
3378 6106
15630 6106
15630 8637
13389 8637
13389 2049
22455 2049
22455 22936
4569 22936
4569 20090
8373 20090
8373 2980
23729 2980
23729 471
2295 471
2295 21495
15049 21495
15049 16508
16011 16508
16011 2160
6919 2160
6919 12585
16816 12585
16816 368
24541 368
24541 18208
18707 18208
18707 3044
1345 3044
1345 8193
9015 8193
9015 16817
7545 16817
7545 9454
20317 9454
20317 10842
3188 10842
3188 24787
5700 24787
5700 20792
18287 20792
18287 6964
77 6964
77 10749
11570 10749
11570 5532
6451 5532
6451 7799
23593 7799
23593 4181
14565 4181
14565 2537
19092 2537
19092 11839
24833 11839
24833 24796
13832 24796
13832 815
11124 815
11124 5649
17140 5649
17140 16247
1013 16247
1013 19262
14858 19262
14858 20779
2444 20779
2444 16769
14704 16769
14704 1920
3994 1920
3994 17702
21160 17702
21160 7751
21460 7751
21460 20145
20725 20145
20725 9763
6027 9763
6027 2669
3009 2669
3009 1135
7654 1135
7654 20780
2850 20780
2850 8213
13162 8213
13162 24666
4231 24666
4231 1993
11801 1993
11801 14854
5090 14854
5090 19194
7066 19194
7066 24917
866 24917
866 20080
6864 20080
6864 10215
6965 10215
6965 14046
18351 14046
18351 22753
21560 22753
21560 12733
15160 12733
15160 13306
18752 13306
18752 5072
24225 5072
24225 7493
22851 7493
22851 20014
8672 20014
8672 16260
11686 16260
11686 18387
22869 18387
22869 14433
1933 14433
1933 13209
5200 13209
5200 10779
22599 10779
22599 12494
780 12494
780 180
19458 180
19458 1988
2527 1988
2527 22175
21773 22175
21773 16865
5888 16865
5888 24603
11280 24603
11280 16324
17452 16324
17452 8269
23755 8269
23755 22541
20021 22541
20021 6059
2893 6059
2893 18561
13456 18561
13456 20773
13955 20773
13955 7177
8407 7177
8407 11919
285 11919
285 1829
24604 1829
24604 15989
14477 15989
14477 32
8676 32
8676 1559
18073 1559
18073 23897
2320 23897
2320 17567
11615 17567
11615 22230
20563 22230
20563 15068
7769 15068
7769 6409
17869 6409
17869 11198
8795 11198
8795 5156
9956 5156
9956 2417
17760 2417
17760 14744
182 14744
182 9256
23406 9256
23406 20822
6080 20822
6080 9973
14094 9973
14094 10593
21248 10593
21248 11303
20499 11303
20499 1255
100 1255
100 6710
1732 6710
1732 22236
10755 22236
10755 8037
16500 8037
16500 2816
11645 2816
11645 7569
24026 7569
24026 11852
1896 11852
1896 22478
16363 22478
16363 18067
4958 18067
4958 10471
5684 10471
5684 13494
14282 13494
14282 13983
20994 13983
20994 8196
938 8196
938 20244
22128 20244
22128 14866
12653 14866
12653 9797
11743 9797
11743 20307
14986 20307
14986 13332
419 13332
419 6288
4848 6288
4848 12227
17982 12227
17982 18781
17066 18781
17066 23382
22478 23382
22478 19420
312 19420
312 14154
20221 14154
20221 24175
6113 24175
6113 13497
22440 13497
22440 19283
12712 19283
12712 16454
11323 16454
11323 1233
3653 1233
3653 1869
18222 1869
18222 4397
10334 4397
10334 22950
14764 22950
14764 20646
22306 20646
22306 13138
1427 13138
1427 14116
11669 14116
11669 13619
9977 13619
9977 8574
8202 8574
8202 269
23873 269
23873 21294
15329 21294
15329 21240
13715 21240
13715 16422
1307 16422
1307 14701
24382 14701
24382 3629
1437 3629
1437 15498
8264 15498
8264 5203
19460 5203
19460 11326
3782 11326
3782 3111
15246 3111
15246 24502
8845 24502
8845 2303
1255 2303
1255 24863
4712 24863
4712 2596
5592 2596
5592 22098
24342 22098
24342 23373
2105 23373
2105 18499
18787 18499
18787 8110
8068 8110
8068 4505
18160 4505
18160 9572
2696 9572
2696 4253
3480 4253
3480 12350
18297 12350
18297 5804
12203 5804
12203 4199
23635 4199
23635 12862
8269 12862
8269 24111
21782 24111
21782 1192
13714 1192
13714 3099
19121 3099
19121 7038
9476 7038
9476 14953
12847 14953
12847 9685
24484 9685
24484 3639
17287 3639
17287 3414
1208 3414
1208 23559
8701 23559
8701 23079
3195 23079
3195 24936
10075 24936
10075 6359
7315 6359
7315 18210
299 18210
299 11752
17537 11752
17537 9364
17211 9364
17211 3922
3565 3922
3565 18269
5296 18269
5296 1273
16843 1273
16843 22430
17109 22430
17109 3057
23171 3057
23171 9960
180 9960
180 11550
24639 11550
24639 11132
18106 11132
18106 15150
21934 15150
21934 12471
12052 12471
12052 12142
17688 12142
17688 4477
21224 4477
21224 88
13245 88
13245 22039
609 22039
609 2986
17136 2986
17136 10742
24770 10742
24770 22726
3670 22726
3670 5581
1608 5581
1608 20950
20817 20950
20817 611
16777 611
16777 6991
8490 6991
8490 4313
4964 4313
4964 1407
21653 1407
21653 505
2226 505
2226 19041
21326 19041
21326 1169
7106 1169
7106 2023
24327 2023
24327 52
9152 52
9152 6045
576 6045
576 17088
18330 17088
18330 2977
8190 2977
8190 24544
18004 24544
18004 1757
19656 1757
19656 5696
14215 5696
14215 9844
5636 9844
5636 13370
14560 13370
14560 19436
2314 19436
2314 13530
2845 13530
2845 21514
24994 21514
24994 21517
22381 21517
22381 17028
20900 17028
20900 8395
21138 8395
21138 15542
12556 15542
12556 22313
19706 22313
19706 16433
1499 16433
1499 5152
14226 5152
14226 21861
4737 21861
4737 19937
11197 19937
11197 3690
17169 3690
17169 9737
24032 9737
24032 3597
15559 3597
15559 11460
14103 11460
14103 20670
3275 20670
3275 499
10260 499
10260 19448
20282 19448
20282 4090
8911 4090
8911 20021
15107 20021
15107 12323
6474 12323
6474 7920
2611 7920
2611 4389
14872 4389
14872 8909
5141 8909
5141 14954
14881 14954
14881 23968
8105 23968
8105 3364
14039 3364
14039 634
15128 634
15128 23201
7597 23201
7597 23961
23823 23961
23823 1887
3353 1887
3353 15414
20588 15414
20588 24071
11983 24071
11983 22811
16907 22811
16907 21434
4070 21434
4070 2293
3467 2293
3467 5220
13279 5220
13279 23585
17615 23585
17615 3299
13210 3299
13210 1033
6787 1033
6787 15471
2982 15471
2982 14714
10902 14714
10902 8614
17029 8614
17029 1399
9203 1399
9203 12114
8229 12114
8229 23504
2475 23504
2475 21184
23605 21184
23605 10637
1480 10637
1480 11128
21287 11128
21287 15050
24230 15050
24230 6184
12093 6184
12093 5666
14618 5666
14618 22208
20975 22208
20975 20394
9024 20394
9024 9471
23916 9471
23916 9218
23801 9218
23801 1649
19197 1649
19197 7377
5447 7377
5447 3843
17338 3843
17338 12765
15364 12765
15364 23713
14671 23713
14671 14071
5739 14071
5739 24337
2148 24337
2148 22630
22696 22630
22696 24612
9897 24612
9897 12698
1654 12698
1654 10934
11544 10934
11544 23933
14715 23933
14715 14835
21387 14835
21387 12715
13479 12715
13479 15936
16040 15936
16040 5022
4595 5022
4595 22028
11027 22028
11027 2147
13581 2147
13581 5836
20068 5836
20068 21608
23019 21608
23019 17034
24173 17034
24173 13618
12353 13618
12353 23024
6205 23024
6205 1121
10013 1121
10013 477
8625 477
8625 18656
16583 18656
16583 23106
8853 23106
8853 9968
18505 9968
18505 22404
3067 22404
3067 14362
10692 14362
10692 18406
12751 18406
12751 18239
2856 18239
2856 9251
22912 9251
22912 18576
17559 18576
17559 15555
1002 15555
1002 6606
24910 6606
24910 8209
18170 8209
18170 12167
12041 12167
12041 16948
23047 16948
23047 23296
18061 23296
18061 4233
15566 4233
15566 8288
6376 8288
6376 4941
4153 4941
4153 4853
22450 4853
22450 5107
8661 5107
8661 1555
23794 1555
23794 16197
6238 16197
6238 24001
7791 24001
7791 16036
2968 16036
2968 2666
7132 2666
7132 3263
24870 3263
24870 4309
4842 4309
4842 6948
14888 6948
14888 2737
20001 2737
20001 1099
24551 1099
24551 1005
2507 1005
2507 12126
23768 12126
23768 8796
12438 8796
12438 11846
21987 11846
21987 21916
10151 21916
10151 24209
17724 24209
17724 8703
17101 8703
17101 24660
5016 24660
5016 4886
10288 4886
10288 4238
11782 4238
11782 10932
22972 10932
22972 6406
7478 6406
7478 4939
15911 4939
15911 5241
4673 5241
4673 13663
22794 13663
22794 856
19301 856
19301 9631
10297 9631
10297 11726
1765 11726
1765 20346
23529 20346
23529 21323
15052 21323
15052 2400
12287 2400
12287 15014
2870 15014
2870 19786
12873 19786
12873 7288
10730 7288
10730 16568
24485 16568
24485 17775
7217 17775
7217 16757
8418 16757
8418 18609
2494 18609
2494 3249
17076 3249
17076 21356
3366 21356
3366 347
23491 347
23491 18885
6980 18885
6980 11445
1563 11445
1563 20474
21028 20474
21028 243
12300 243
12300 17448
8498 17448
8498 16360
10564 16360
10564 3497
21097 3497
21097 6563
2472 6563
2472 5944
2878 5944
2878 12002
21909 12002
21909 15810
8827 15810
8827 12092
17579 12092
17579 3397
318 3397
318 5969
20599 5969
20599 13012
18409 13012
18409 22606
24008 22606
24008 20879
8108 20879
8108 7681
1600 7681
1600 1598
24083 1598
24083 3790
15621 3790
15621 18303
19831 18303
19831 21123
18227 21123
18227 6977
13658 6977
13658 21150
13421 21150
13421 19449
8844 19449
8844 9670
3972 9670
3972 20024
16402 20024
16402 23964
18234 23964
18234 14693
16821 14693
16821 22847
18565 22847
18565 12028
18367 12028
18367 14770
23082 14770
23082 12649
16633 12649
16633 8725
14434 8725
14434 4665
6430 4665
6430 24471
1296 24471
1296 10818
452 10818
452 15439
1351 15439
1351 14325
16154 14325
16154 17784
3032 17784
3032 12875
786 12875
786 19366
1502 19366
1502 12587
22261 12587
22261 16031
18036 16031
18036 1118
22287 1118
22287 2592
23419 2592
23419 13977
19514 13977
19514 17116
18597 17116
18597 19872
1170 19872
1170 10624
20396 10624
20396 2795
4894 2795
4894 4930
19013 4930
19013 10194
7384 10194
7384 19099
7081 19099
7081 15904
22185 15904
22185 22087
23055 22087
23055 24804
15970 24804
15970 5421
18997 5421
18997 9358
12128 9358
12128 24673
2398 24673
2398 4544
3048 4544
3048 19788
7887 19788
7887 18899
15533 18899
15533 5995
1983 5995
1983 19710
24965 19710
24965 4551
24860 4551
24860 10257
15406 10257
15406 14959
14497 14959
14497 20097
14727 20097
14727 5281
11802 5281
11802 14282
465 14282
465 15508
17466 15508
17466 11855
20457 11855
20457 9780
5184 9780
5184 20912
5577 20912
5577 12317
20014 12317
20014 8369
747 8369
747 9106
24141 9106
24141 22399
36 22399
36 10883
13318 10883
13318 16681
21352 16681
21352 7001
18119 7001
18119 18818
16150 18818
16150 11899
19378 11899
19378 10993
19849 10993
19849 5518
739 5518
739 18895
6694 18895
6694 19230
1469 19230
1469 6358
20844 6358
20844 18707
7044 18707
7044 6436
2658 6436
2658 22645
10764 22645
10764 24119
13816 24119
13816 4448
9526 4448
9526 14975
11889 14975
11889 13058
23738 13058
23738 11513
3272 11513
3272 8926
3104 8926
3104 23341
3985 23341
3985 1320
3842 1320
3842 23413
1109 23413
1109 11487
6223 11487
6223 6272
20898 6272
20898 15101
7213 15101
7213 14010
8733 14010
8733 4845
24558 4845
24558 22944
7912 22944
7912 2291
23139 2291
23139 14050
476 14050
476 20916
7586 20916
7586 14984
19348 14984
19348 11601
4130 11601
4130 2680
20531 2680
20531 16630
18040 16630
18040 6505
3304 6505
3304 18517
3289 18517
3289 15833
14193 15833
14193 21463
21749 21463
21749 5848
14332 5848
14332 3749
24831 3749
24831 11696
17123 11696
17123 13425
19132 13425
19132 11046
13032 11046
13032 13840
12496 13840
12496 21301
7313 21301
7313 9250
12733 9250
12733 18633
16206 18633
16206 13482
23217 13482
23217 21316
16364 21316
16364 11481
16858 11481
16858 1619
15921 1619
15921 13405
1031 13405
1031 6807
17581 6807
17581 19319
8028 19319
8028 9390
17 9390
17 9386
3482 9386
3482 7850
24563 7850
24563 2173
7105 2173
7105 10555
14124 10555
14124 19668
4027 19668
4027 16538
9427 16538
9427 23094
6588 23094
6588 7651
4855 7651
4855 23036
20244 23036
20244 19823
14845 19823
14845 18128
19900 18128
19900 7105
17070 7105
17070 24683
13569 24683
13569 14136
8964 14136
8964 19116
7754 19116
7754 19289
10949 19289
10949 3622
14472 3622
14472 11161
18616 11161
18616 6932
92 6932
92 3709
13118 3709
13118 13753
12649 13753
12649 19220
8542 19220
8542 17420
1167 17420
1167 12507
17803 12507
17803 9412
22214 9412
22214 24654
10295 24654
10295 13215
24670 13215
24670 10508
14143 10508
14143 10209
5421 10209
5421 17030
8731 17030
8731 23095
11416 23095
11416 3907
24722 3907
24722 8748
10016 8748
10016 12135
13379 12135
13379 5591
5087 5591
5087 1688
12973 1688
12973 20385
11590 20385
11590 17684
14196 17684
14196 4250
9248 4250
9248 5993
16675 5993
16675 2466
1505 2466
1505 607
21774 607
21774 6466
23321 6466
23321 6101
9200 6101
9200 8563
21349 8563
21349 13154
7240 13154
7240 23635
13483 23635
13483 6490
21117 6490
21117 8673
1378 8673
1378 14981
16648 14981
16648 4163
21581 4163
21581 18790
2462 18790
2462 4549
23246 4549
23246 8689
17496 8689
17496 2857
931 2857
931 2353
12943 2353
12943 3198
22831 3198
22831 15086
12386 15086
12386 23843
1116 23843
1116 21870
2231 21870
2231 17577
8127 17577
8127 21503
12621 21503
12621 5786
13636 5786
13636 23816
17849 23816
17849 2324
10157 2324
10157 12758
53 12758
53 19233
4581 19233
4581 5564
23060 5564
23060 19770
13081 19770
13081 8886
20443 8886
20443 17963
4435 17963
4435 21763
17914 21763
17914 21230
6369 21230
6369 18273
4304 18273
4304 22560
13449 22560
13449 5065
18932 5065
18932 492
17901 492
17901 11130
21021 11130
21021 17970
9275 17970
9275 4087
5332 4087
5332 23046
3661 23046
3661 22116
15450 22116
15450 18913
8719 18913
8719 21525
19184 21525
19184 19387
19062 19387
19062 3963
11733 3963
11733 5200
14655 5200
14655 22969
22288 22969
22288 11805
19055 11805
19055 16118
10192 16118
10192 3736
16740 3736
16740 5777
12638 5777
12638 863
23987 863
23987 9899
9787 9899
9787 3020
2271 3020
2271 13374
14088 13374
14088 5876
4069 5876
4069 7977
4239 7977
4239 11281
19211 11281
19211 1329
21080 1329
21080 3461
8739 3461
8739 18541
998 18541
998 16216
2037 16216
2037 15630
5662 15630
5662 20028
3865 20028
3865 15231
20498 15231
20498 298
20565 298
20565 9940
19674 9940
19674 23040
5578 23040
5578 12306
13802 12306
13802 1094
258 1094
258 13932
20158 13932
20158 1491
13237 1491
13237 9588
7889 9588
7889 10743
13323 10743
13323 8514
4706 8514
4706 4957
2485 4957
2485 813
19123 813
19123 18912
24410 18912
24410 20165
6365 20165
6365 5419
9564 5419
9564 4059
9961 4059
9961 19236
14118 19236
14118 2634
1751 2634
1751 18126
14769 18126
14769 17410
22175 17410
22175 1942
5436 1942
5436 3203
19565 3203
19565 4609
6758 4609
6758 5801
15796 5801
15796 13506
12211 13506
12211 12468
10960 12468
10960 21157
3435 21157
3435 18991
22567 18991
22567 939
23878 939
23878 13434
8482 13434
8482 17680
22004 17680
22004 6926
23026 6926
23026 17340
18592 17340
18592 14135
15071 14135
15071 21228
4363 21228
4363 185
10104 185
10104 12609
24658 12609
24658 22364
23325 22364
23325 2034
15844 2034
15844 2120
7639 2120
7639 20882
6994 20882
6994 20236
24784 20236
24784 10055
23176 10055
23176 22978
20222 22978
20222 10168
12512 10168
12512 8227
11658 8227
11658 6753
11244 6753
11244 908
16335 908
16335 3897
11088 3897
11088 1803
21601 1803
21601 1874
13420 1874
13420 20701
22760 20701
22760 19685
12490 19685
12490 14823
3786 14823
3786 15391
20468 15391
20468 4326
5607 4326
5607 9506
12886 9506
12886 12185
13351 12185
13351 18463
19508 18463
19508 16838
8295 16838
8295 10614
8793 10614
8793 6891
17378 6891
17378 12727
16657 12727
16657 6426
8659 6426
8659 1390
13638 1390
13638 11166
177 11166
177 16832
2077 16832
2077 13744
11439 13744
11439 14081
17021 14081
17021 16311
16345 16311
16345 5260
23463 5260
23463 20830
19250 20830
19250 18038
3542 18038
3542 7621
9584 7621
9584 5210
14353 5210
14353 22239
15758 22239
15758 4931
13488 4931
13488 407
21809 407
21809 1486
4760 1486
4760 4804
21467 4804
21467 20858
28 20858
28 8018
2431 8018
2431 20191
20744 20191
20744 12217
11865 12217
11865 19722
14943 19722
14943 20207
22427 20207
22427 21332
3857 21332
3857 9961
1670 9961
1670 13534
4177 13534
4177 20322
16336 20322
16336 4316
15105 4316
15105 14749
6881 14749
6881 21010
16017 21010
16017 12398
19825 12398
19825 24867
23425 24867
23425 8511
9304 8511
9304 2047
11854 2047
11854 7429
4365 7429
4365 13031
5225 13031
5225 14756
18811 14756
18811 15759
4819 15759
4819 24141
5039 24141
5039 8478
16063 8478
16063 20337
1381 20337
1381 12759
13464 12759
13464 8625
16019 8625
16019 14608
19110 14608
19110 833
22472 833
22472 14675
21899 14675
21899 5413
766 5413
766 10658
24587 10658
24587 23176
23847 23176
23847 17986
3487 17986
3487 1469
23559 1469
23559 3470
84 3470
84 8971
4777 8971
4777 18215
11714 18215
11714 10942
20082 10942
20082 16412
21234 16412
21234 9550
14797 9550
14797 3127
16678 3127
16678 22618
23668 22618
23668 23136
21481 23136
21481 15200
10046 15200
10046 24989
8970 24989
8970 2137
2081 2137
2081 5808
22978 5808
22978 9837
6970 9837
6970 14994
5846 14994
5846 22439
16129 22439
16129 17409
19827 17409
19827 9621
1652 9621
1652 16790
22876 16790
22876 16634
6055 16634
6055 24896
19642 24896
19642 23359
22522 23359
22522 24169
7552 24169
7552 9601
20945 9601
20945 8167
4851 8167
4851 4212
3725 4212
3725 22326
20086 22326
20086 15767
7079 15767
7079 655
5645 655
5645 1015
12433 1015
12433 13087
72 13087
72 19564
22321 19564
22321 2122
11408 2122
11408 6328
20103 6328
20103 15515
12466 15515
12466 1283
13644 1283
13644 8211
24050 8211
24050 17829
16829 17829
16829 20917
12936 20917
12936 10164
22930 10164
22930 24940
22791 24940
22791 6868
7471 6868
7471 17394
1355 17394
1355 18832
4810 18832
4810 10636
13020 10636
13020 4045
19026 4045
19026 4236
21161 4236
21161 14407
11827 14407
11827 14845
5955 14845
5955 7572
18621 7572
18621 2861
13559 2861
13559 10466
15380 10466
15380 13825
1086 13825
1086 1241
20306 1241
20306 16954
20700 16954
20700 9507
18964 9507
18964 20103
24106 20103
24106 7544
1817 7544
1817 17083
4528 17083
4528 3241
19801 3241
19801 70
471 70
471 21505
15312 21505
15312 24925
1368 24925
1368 19778
9395 19778
9395 731
19300 731
19300 19119
24991 19119
24991 10000
19691 10000
19691 4985
15599 4985
15599 10461
19737 10461
19737 56
19804 56
19804 9990
23009 9990
23009 4817
22264 4817
22264 16072
15562 16072
15562 267
24151 267
24151 13703
19489 13703
19489 3036
19401 3036
19401 21965
9808 21965
9808 7334
9894 7334
9894 15735
24573 15735
24573 14926
17987 14926
17987 1796
14378 1796
14378 14676
11739 14676
11739 15485
22731 15485
22731 2984
4183 2984
4183 21416
21941 21416
21941 24808
12240 24808
12240 6612
463 6612
463 21151
3777 21151
3777 3743
9963 3743
9963 17279
3425 17279
3425 5270
18567 5270
18567 21890
2471 21890
2471 13841
8794 13841
8794 11393
15419 11393
15419 17319
3424 17319
3424 15125
11893 15125
11893 22972
163 22972
163 4367
3225 4367
3225 7326
17176 7326
17176 16908
19927 16908
19927 7553
13200 7553
13200 16373
13997 16373
13997 14826
24785 14826
24785 6124
16813 6124
16813 453
9678 453
9678 19775
15314 19775
15314 22735
11049 22735
11049 23317
7447 23317
7447 5226
23859 5226
23859 5957
16045 5957
16045 10767
17483 10767
17483 23204
13368 23204
13368 10661
8707 10661
8707 7614
13524 7614
13524 1249
22365 1249
22365 20874
13566 20874
13566 5168
12258 5168
12258 17366
13124 17366
13124 6074
3785 6074
3785 10845
13892 10845
13892 22875
14992 22875
14992 12194
7463 12194
7463 3902
20968 3902
20968 17721
14831 17721
14831 4461
15066 4461
15066 2215
4328 2215
4328 24839
4312 24839
4312 2623
15489 2623
15489 1919
14809 1919
14809 20048
16293 20048
16293 7192
4087 7192
4087 132
22332 132
22332 3481
10120 3481
10120 4427
22456 4427
22456 7500
17889 7500
17889 24589
13030 24589
13030 1080
2157 1080
2157 16123
21198 16123
21198 5209
23881 5209
23881 16920
2978 16920
2978 17438
19959 17438
19959 11631
16025 11631
16025 13769
24200 13769
24200 3222
8435 3222
8435 23206
23313 23206
23313 19905
16266 19905
16266 12497
4225 12497
4225 1000
24334 1000
24334 14425
56 14425
56 20799
2349 20799
2349 19291
19950 19291
19950 23743
22179 23743
22179 15153
9430 15153
9430 24300
18989 24300
18989 21167
4182 21167
4182 21589
5933 21589
5933 6860
21788 6860
21788 8723
17433 8723
17433 19611
16193 19611
16193 18532
16339 18532
16339 3898
865 3898
865 3657
18776 3657
18776 21198
1425 21198
1425 17166
9621 17166
9621 2933
18299 2933
18299 4733
24787 4733
24787 23966
11584 23966
11584 14893
1204 14893
1204 23501
23227 23501
23227 24152
19928 24152
19928 10846
23175 10846
23175 13773
13809 13773
13809 15728
10581 15728
10581 8266
17821 8266
17821 4416
23063 4416
23063 12170
4311 12170
4311 3452
18824 3452
18824 19876
11582 19876
11582 18597
19972 18597
19972 8488
6537 8488
6537 5033
10496 5033
10496 9280
11558 9280
11558 15562
21605 15562
21605 9019
4789 9019
4789 2559
21717 2559
21717 21863
7988 21863
7988 20107
11394 20107
11394 24293
24917 24293
24917 10452
17058 10452
17058 14965
20487 14965
20487 18104
21206 18104
21206 11340
21411 11340
21411 17621
23774 17621
23774 2234
17726 2234
17726 11577
16249 11577
16249 19620
22464 19620
22464 16909
18957 16909
18957 10634
13823 10634
13823 14001
16279 14001
16279 7253
4213 7253
4213 8346
14040 8346
14040 5809
17421 5809
17421 19285
15823 19285
15823 12879
8961 12879
8961 763
21693 763
21693 12855
11199 12855
11199 1442
19588 1442
19588 4219
2769 4219
2769 4401
5936 4401
5936 23326
6510 23326
6510 13665
10148 13665
10148 15588
23013 15588
23013 9278
23713 9278
23713 21193
18586 21193
18586 21741
2022 21741
2022 15102
5600 15102
5600 1735
11761 1735
11761 2348
23994 2348
23994 10154
22586 10154
22586 21465
18338 21465
18338 13532
14460 13532
14460 13739
403 13739
403 6069
15099 6069
15099 3396
17623 3396
17623 10103
936 10103
936 4706
16664 4706
16664 23781
13977 23781
13977 20381
16620 20381
16620 24254
3749 24254
3749 13163
894 13163
894 11708
16389 11708
16389 22584
11560 22584
11560 19258
6344 19258
6344 6911
10140 6911
10140 15761
10045 15761
10045 7204
20680 7204
20680 18989
10477 18989
10477 4727
23263 4727
23263 8819
21877 8819
21877 8609
19228 8609
19228 18023
16797 18023
16797 21647
6870 21647
6870 23357
10908 23357
10908 21199
1202 21199
1202 21966
21319 21966
21319 1681
2835 1681
2835 22042
6292 22042
6292 1989
15016 1989
15016 12309
5629 12309
5629 12496
6720 12496
6720 21473
14508 21473
14508 1834
12944 1834
12944 20390
8030 20390
8030 16356
21030 16356
21030 17489
16710 17489
16710 9491
7071 9491
7071 5908
6296 5908
6296 13003
18506 13003
18506 23859
341 23859
341 18757
7979 18757
7979 6584
18665 6584
18665 11447
20849 11447
20849 13313
21568 13313
21568 2979
5321 2979
5321 20875
24630 20875
24630 4312
5320 4312
5320 4696
15555 4696
15555 7149
2437 7149
2437 20628
24489 20628
24489 8126
11813 8126
11813 18836
22619 18836
22619 15821
2142 15821
2142 761
6293 761
6293 13080
9397 13080
9397 22649
20980 22649
20980 13022
7303 13022
7303 9371
13502 9371
13502 2365
10842 2365
10842 2305
4661 2305
4661 2535
5952 2535
5952 18030
12457 18030
12457 1342
10827 1342
10827 5644
2635 5644
2635 24514
18816 24514
18816 7737
22635 7737
22635 1456
3249 1456
3249 13018
19974 13018
19974 20379
20259 20379
20259 8999
6018 8999
6018 12036
9711 12036
9711 257
6652 257
6652 5255
11074 5255
11074 11849
24418 11849
24418 236
24821 236
24821 23760
4670 23760
4670 13536
19331 13536
19331 4247
19054 4247
19054 4406
14772 4406
14772 1831
4631 1831
4631 15619
14631 15619
14631 3620
10164 3620
10164 10201
2007 10201
2007 19737
9523 19737
9523 12952
13808 12952
13808 22088
5601 22088
5601 20919
15728 20919
15728 12617
14097 12617
14097 14513
24925 14513
24925 5672
1864 5672
1864 4229
2435 4229
2435 13940
5074 13940
5074 11751
20473 11751
20473 12732
11449 12732
11449 9839
9726 9839
9726 12521
17851 12521
17851 700
3245 700
3245 3368
11398 3368
11398 4413
20577 4413
20577 1209
6617 1209
6617 22241
15123 22241
15123 16365
17033 16365
17033 9901
4262 9901
4262 9651
1582 9651
1582 13978
15323 13978
15323 7642
19523 7642
19523 7246
18928 7246
18928 8604
69 8604
69 5116
14510 5116
14510 24684
15602 24684
15602 24223
9312 24223
9312 3557
14771 3557
14771 16429
4797 16429
4797 654
5300 654
5300 10873
7419 10873
7419 8989
9265 8989
9265 19904
10186 19904
10186 10561
3747 10561
3747 4815
24204 4815
24204 5707
8292 5707
8292 24122
24412 24122
24412 24129
20703 24129
20703 7571
1314 7571
1314 1048
722 1048
722 935
2603 935
2603 17494
16776 17494
16776 17519
8832 17519
8832 9530
23988 9530
23988 18508
993 18508
993 14543
20687 14543
20687 1550
5641 1550
5641 803
934 803
934 7601
11192 7601
11192 802
16654 802
16654 2562
11225 2562
11225 21666
847 21666
847 751
8696 751
8696 8874
15541 8874
15541 9525
24234 9525
24234 14995
19151 14995
19151 17151
23399 17151
23399 19922
24175 19922
24175 20365
7444 20365
7444 8347
19623 8347
19623 580
5133 580
5133 24737
4980 24737
4980 5373
19718 5373
19718 22274
4879 22274
4879 12359
4879 16569
735 16569
4659 16569
4659 21667
