------------------------------
-----------------M------------
----------------BM------------
----------------MM------------
--M-------------M-------------
----------------M-------------
----------------M-------------
----------------M----M--------
------------BBBBM-------------
---------------BM-------------
----------------M-------------
-------------MMMM-------------
-------------M----------------
------------------------------
------------------------M-----
------------------------M-----
------------------------MMMMM-
----------------------------MM
------------------------------
------------------------------
------------------------------
------------------------------
----------------MM-BBBBBBBB---
-MM--------------MBBMMM---BB--
--M--------------MMMM---------
--MMMM------------------------
---BBBBB----------------------
------B-----------------------
------------------------------
------------------------------
