-----M----------------M----M-----B----------B-----------------M-----MM--------------------------M--B--------B--M----------------B-------M--M----B--B--
--MM-M---B--------B---M----M-M---------M----BB----------------M-----MM--------------MB-------M--M--B--------B--M----B----M--B-M-B--B---BM--M----B--M--
-MMMBM-MBBM-------B---M--M-MMM-------M-MM----------M---------BBM----MM--MM----------MB-------M--M--B------M-B--M----B----M--B---B--B----M--M-B-BB----B
----MM-MBBM---M---BB--M--MBMM-----------M-------M--M----------BM----MM--M------MM---MB-------M--M-MB----B-M-B--M----B----MM-B---B--B----M--M-M--------
-BBBBBBBBBM-B-M-M-BB--M--MBM------------M-------M--MMM--------BM----MM--M------M--B-MB---MBMMM--M-MB----B-M-B--M----B---B---BMBBBM-B----MM-M-M--------
-------MBBM-BBM-MMMB--MBBMMMMMM---------MMM-----M----M--------BM----MMMMM--M-MMM--B-MB---MMM----M-M----MB-M-B-MM----BM--BBBBBBBBMMMB-----M-M-MB--MB---
M------MBBM---M-M-MB--MMMM--------------------M-M----M------BBBB----MMMM---M-MMMMMB-MB---MM-----M-MMMM-MB-M-B-MM----B----------BBBBB-----MMM-MB--MM---
MMMM---MBBM---M-M-M---MM--------------B---------MMMMMM-MMBM----BM---MMMM---M-M--BBB-MBBB-MBBBBBBMMMM---MB-M-MMMM---MB------------------------MB--MMM--
MMMM---MBBM---MMM-MMMMMM------------BBB-----------------MMM----BMMBBM-----BMMM-BBBBBMMMMMMMMMMMMMMMMMMMMBMMMM----BBBB------------------------MB--MM-BM
---M---MBBM----------------------------------------------------BBMMMMMMMMMMMMMMMMMMMMBBBBBBBBBBBBBBBBBBBB------------------------------------MB-MMMMMM
---M---MBBM----------------------------------------------------------------------------------------------------------------------------------MB-MMMMM-
---MMMMM-BM----------------------------------------------------------------------------------------------------------------------------------MBMMMMM--
-------MMBM----------------------------------------------------------------------------------------------------------------------------------MBMMM----
--------MBM----------------------------------------------------------------------------------------------------------------------------------MBMM-----
--------MBM----------------------------------------------------------------------------------------------------------------------------------MMMMMMMMM
----BBB-MBM----------------------------------------------------------------------------------------------------------------------------------MMB------
-----MB-MBM----------------------------------------------------------------------------------------------------------------------------------MMBMM----
-----MB-MBM----------------------------------------------------------------------------------------------------------------------------------M-B------
M----MB-MBM----------------------------------------------------------------------------------------------------------------------------------MMMMMMM--
MMM--MB-MB-----------------------------------------------------------------------------------------------------------------------------------M---B----
--M--MB-MB-----------------------------------------------------------------------------------------------------------------------------------M--------
--MMMMB-MB-----------------------------------------------------------------------------------------------------------------------------------MB-------
---MMMBMMB-----------------------------------------------------------------------------------------------------------------------------------MBM------
----BMMM-B-----------------------------------------------------------------------------------------------------------------------------------MBM-B----
B---MMM--B-----------------------------------------------------------------------------------------------------------------------------------M-M------
MMMMM----B-----------------------------------------------------------------------------------------------------------------------------------M-M------
---MMMMM-B-----------------------------------------------------------------------------------------------------------------------------------M-M------
------BM-B-----------------------------------------------------------------------------------------------------------------------------------MMMM-B---
MMMMMMMM-B--------------------------------------------------------------------------------------------------------------------------------------MMMMM-
-------MMB--------------------------------------------------------------------------------------------------------------------------------------M-----
-------BMB-----------------------------------------------------------------------------------------------------------------------------------BB-------
------BMMB-----------------------------------------------------------------------------------------------------------------------------------B--------
MMMMMMMM-B-----------------------------------------------------------------------------------------------------------------------------------B-----M--
---------B-----------------------------------------------------------------------------------------------------------------------------------B--------
-MMMMMMBBB-----------------------------------------------------------------------------------------------------------------------------------BB-------
-BBB---B-M------------------------------------------------------------------------------------------------------------------------------------B-------
--MBBBBB-M------------------------------------------------------------------------------------------------------------------------------------BBBBB---
-----BBBBM------------------------------------------------------------------------------------------------------------------------------------BBBB----
--------BM--------------------------------------------------------------------------------------------------------------------------------------------
--------MM------------------------------------------------------------------------------------------------------------------------------------M-------
----MMMMM-------------------------------------------------------------------------------------------------------------------------------------MMM-----
------------------------------------------------------------------------------------------------------------------------------------------------------
-------B--------------------------------------------------------------------------------------------------------------------------------------BBBBBBB-
BB---BBB--------------------------------------------------------------------------------------------------------------------------------------BBBBBBB-
MB-BBB---------------------------------------------------------------------------------------------------------------------------------------BBM------
-BBBBBBB-------------------------------------------------------------------------------------------------------------------------------------BM-------
-------B-------------------------------------------------------------------------------------------------------------------------------------BM-------
---MMMM--------------------------------------------------------------------------------------------------------------------------------------BBB------
------MM-------------------------------------------------------------------------------------------------------------------------------------M-B------
-------M-------------------------------------------------------------------------------------------------------------------------------------M-BBBB---
MMMMMMMM-------------------------------------------------------------------------------------------------------------------------------------M--------
----MMMM-------------------------------------------------------------------------------------------------------------------------------------MM-------
---MMMMM-------------------------------------------------------------------------------------------------------------------------------------M-------B
---------------------------------------------------------------------------------------------------------------------------------------------M--------
------------------------------------------------------------------------------------------------------------------------------------------------------
---BBBB----------------------------------------------------------------------------------------------------------------------------------------B------
---MMMMM----------------------------------------------------------------------------------------------------------------------------------------------
-----MMM-----------------------------------------------------------------------------------------------------------------------------------------MM---
-----MMM-----------------------------------------------------------------------------------------------------------------------------------------MMM--
------BMB----------------------------------------------------------------------------------------------------------------------------------------M----
-------MB-------------------------------------------------------------------------------------------------------------------------------------MMMM--B-
------BBB-------------------------------------------------------------------------------------------------------------------------------------M-------
--------B-------------------------------------------------------------------------------------------------------------------------------------M-------
-----BBBB-------------------------------------------------------------------------------------------------------------------------------------MMMMMMMM
------------------------------------------------------------------------------------------------------------------------------------------------------
------------------------------------------------------------------------------------------------------------------------------------------------------
--------MM-------------------------------------------------------------------------------------------------------------------------------------MMMMMMM
--------BM-------------------------------------------------------------------------------------------------------------------------------------M------
-------BBM--------------------------------------------------------------------------------------------------------------------------------------------
BBBBBBBBB------------------------------------------------------------------------------------------------------------------------------------B--------
-BBBBBBBB------------------------------------------------------------------------------------------------------------------------------------B---B----
-MMMMMMMB------------------------------------------------------------------------------------------------------------------------------------B---B--B-
------MMB------------------------------------------------------------------------------------------------------------------------------------B---B-BB-
MMMMMMMMB------------------------------------------------------------------------------------------------------------------------------------B---BBBM-
MMMMMM-MB------------------------------------------------------------------------------------------------------------------------------------B---BB---
---MMM-MB------------------------------------------------------------------------------------------------------------------------------------B---BB---
----MM-MB------------------------------------------------------------------------------------------------------------------------------------B--BBBM--
---B-M-MB------------------------------------------------------------------------------------------------------------------------------------B--BM----
-----M-MB------------------------------------------------------------------------------------------------------------------------------------B--BMMMM-
-------MB------------------------------------------------------------------------------------------------------------------------------------B--B-M---
-------BB------------------------------------------------------------------------------------------------------------------------------------B--B-----
-------MM------------------------------------------------------------------------------------------------------------------------------------B-BB-----
-------MM------------------------------------------------------------------------------------------------------------------------------------BBB------
-------MM-------------------------------------------------------------------------------------------------------------------------------------B-------
BBBBBBBBM-------------------------------------------------------------------------------------------------------------------------------------BB------
---MMMMMM---------------------------------------------------------------------------------------------------------------------------------------------
------------------------------------------------------------------------------------------------------------------------------------------------------
--B------------------------------------------------------------------------------------------------------------------------------------------M--------
---------------------------------------------------------------------------------------------------------------------------------------------MMMMMM---
--M---------------------------------------------------------------------------------------------------------------------------------------------------
------------------------------------------------------------------------------------------------------------------------------------------------------
---MM---------------------------------------------------------------------------------------------------------------------------------------------M---
---BBBBBB----------------------------------------------------------------------------------------------------------------------------------------MM---
---M----B----------------------------------------------------------------------------------------------------------------------------------------M----
-MMMM---B----------------------------------------------------------------------------------------------------------------------------------------MMMM-
----MMMMM-----------------------------------------------------------------------------------------------------------------------------------------M---
-------MMMM-------------------------------------------------------------------------------------------------------------------------------------------
-----MMMMMM----------------------------------------------------------------------------------------------------------------------------------B--------
-----M--MMM----------------------------------------------------------------------------------------------------------------------------------BBBB-----
-MMMMM--MMM----------------------------------------------------------------------------------------------------------------------------------MMMMMM---
---M-M--MMM----------------------------------------------------------------------------------------------------------------------------------M--------
-----M--MMM----------------------------------------------------------------------------------------------------------------------------------M--------
-----M--MMM----------------------------------------------------------------------------------------------------------------------------------MMMMMM---
-------BMMM----------------------------------------------------------------------------------------------------------------------------------MMMMMMMM-
------MMMMM----------------------------------------------------------------------------------------------------------------------------------M-----M--
-MMMMMMM-MM----------------------------------------------------------------------------------------------------------------------------------M---BBBB-
MMMM---M-MM----------------------------------------------------------------------------------------------------------------------------------M---B-MMM
---M---M-MM----------------------------------------------------------------------------------------------------------------------------------M-BBB----
MMMM---M-MM----------------------------------------------------------------------------------------------------------------------------------M-B------
-------M-MM----------------------------------------------------------------------------------------------------------------------------------M--------
--------BMM-------------------------------------------------------------------------------------------------------------------------------------B-----
-------MMMM------------------------------------------------------------------------------------------------------------------------------------BBBBBB-
---MMMMMM-M----------------------------------------------------------------------------------------------------------------------------------BBB-B----
-----B--M-M----------------------------------------------------------------------------------------------------------------------------------B--------
--BB-B--M-M----------------------------------------------------------------------------------------------------------------------------------MMMMMM---
-MMB-B--M-M----------------------------------------------------------------------------------------------------------------------------------MMM------
--MMMBBBM-M----------------------------------------------------------------------------------------------------------------------------------M--------
--------M-M----------------------------------------------------------------------------------------------------------------------------------M--BB----
--------M-M----------------------------------------------------------------------------------------------------------------------------------M--BM----
----BBB-M-M----------------------------------------------------------------------------------------------------------------------------------MMMMM----
BBBBBBB-M-M----------------------------------------------------------------------------------------------------------------------------------MMMMM----
--MMM-B-M-M----------------------------------------------------------------------------------------------------------------------------------MM---B---
------B-M-M----------------------------------------------------------------------------------------------------------------------------------MM---BMMM
-----BB-M-M----------------------------------------------------------------------------------------------------------------------------------M-BBBBBBB
BBBBBB--M-M----------------------------------------------------------------------------------------------------------------------------------M-B------
---BBB--MBM----------------------------------------------------------------------------------------------------------------------------------M--------
--------MBM----------------------------------------------------------------------------------------------------------------------------------MMMMMMMM-
--MMMMMMMBM----------------------------------------------------------------------------------------------------------------------------------MM-------
MMMMMMM--BM----------------------------------------------------------------------------------------------------------------------------------MM-B-----
------BBBBM----------------------------------------------------------------------------------------------------------------------------------MM-B-MM--
--------MBM----------------------------------------------------------------------------------------------------------------------------------MM-BBBB--
------MMBBM----------------------------------------------------------------------------------------------------------------------------------MM-------
--BBBBBBBMM----------------------------------------------------------------------------------------------------------------------------------MM-MMMMMM
------MMBMM----------------------------------------------------------------------------------------------------------------------------------MMMMMM---
--MMMMMMBMM----------------------------------------------------------------------------------------------------------------------------------MMM------
-------BBMM----------------------------------------------------------------------------------------------------------------------------------MB-------
-------BMMM----------------------------------------------------------------------------------------------------------------------------------M--------
---BBBBBMMM----------------------------------------------------------------------------------------------------------------------------------M--M-----
--MMM-MBMMM----------------------------------------------------------------------------------------------------------------------------------MMMMMMM--
------MBMMM----------------------------------------------------------------------------------------------------------------------------------MM-------
-----MBBMMM--------------------------------------------------------MMMMMMMMMMMMMMMMMMMMMMM--------------------------------------------MMMMMM-MM-------
M---BBBMMMM-MMMBBBBBBBBBBBBBBMM------------------------BBBB-B------MMMMMMMMMMMMMMMMMMMM-BMMMMMMMMMMMMMMMMMM--------MMMM---------MMM---M-M-BM-MMMMM----
MMMM--M-MMM----B--MMBBBBBB----M-------MMM----BB-MMM----B-MB--MMMMMMM-MMM--------------MM--MMMMMMMMMMMMMMMBM-------MMM-----------M-M---M-M--M-MMMMMMM--
---M--M-MMM--MMB--M-MB--BB------------M------B--M-MBB--B-----M----MM--MMMMM------------M--MM--MMMMMMMM-MM-MMMMMM-MMBM-----------M-M---M-M--M-MMMMMMM--
------M-M-M--MBBB-M-MBB-BBB----------BM------B----M-BB-B-----------M--M---M------------M--MMBB-MMMM----MM--MMM------MM--MMMMMMM-M-M---M-M--M-MMB------
-MBB----M-M---B-BMM-MBB-B-BB-------BBBM------B------M--------------M--M-B-MM-----------M--MM-B-MMM-----MM-B-MMM------M--------M-M-----M----M--MMMM----
MM-B----M-M-----BM--MBB---BB-------B------B-BB------M-------------BM--M----MMMMMMMMM------MM-BBMMM-----MM---MM-------M--------M-M-----M----M---M-M-M--
--------M-M-----B---M-B---BB-------B--------BM------M--------------M--M----MMM--BBBM------MM----MM-----MM---M--------M-------MM-M----------M-MMM-M-M-B
-----M--B-M---------M-B---B--------B----------------M----------------B-----MB----MB--------------M-BB--MM---M--------M--------MMM----------M-MB-------
M----M----------------B---B--------B----------------M----------------------M------B------B--------------M---M-----------------MM-----B-------M--------
